[Child Thread 2]: Started at Thu Jan  1 00:15:52 1970
[Child Thread 2]: Started with PID {2617} and TID {2619}.
[Child Thread 2]:
cpu  129 0 479 93958 150 0 5 0 0 0
cpu0 129 0 479 93958 150 0 5 0 0 0
[Child Thread 2]:
cpu  129 0 479 93968 150 0 5 0 0 0
cpu0 129 0 479 93968 150 0 5 0 0 0
[Child Thread 2]:
cpu  129 0 479 93978 150 0 5 0 0 0
cpu0 129 0 479 93978 150 0 5 0 0 0
[Child Thread 2]:
cpu  129 0 479 93987 150 0 5 0 0 0
cpu0 129 0 479 93987 150 0 5 0 0 0
[Child Thread 2]:
cpu  129 0 479 93997 150 0 5 0 0 0
cpu0 129 0 479 93997 150 0 5 0 0 0
[Child Thread 2]:
cpu  129 0 479 94007 150 0 5 0 0 0
cpu0 129 0 479 94007 150 0 5 0 0 0
[Child Thread 2]:
cpu  129 0 479 94017 150 0 5 0 0 0
cpu0 129 0 479 94017 150 0 5 0 0 0
[Child Thread 2]:
cpu  129 0 479 94027 150 0 5 0 0 0
cpu0 129 0 479 94027 150 0 5 0 0 0
[Child Thread 2]:
cpu  129 0 480 94037 150 0 5 0 0 0
cpu0 129 0 480 94037 150 0 5 0 0 0
[Child Thread 2]:
cpu  129 0 480 94046 150 0 5 0 0 0
cpu0 129 0 480 94046 150 0 5 0 0 0
[Child Thread 2]:
cpu  129 0 480 94056 150 0 5 0 0 0
cpu0 129 0 480 94056 150 0 5 0 0 0
[Child Thread 2]:
cpu  129 0 480 94066 150 0 5 0 0 0
cpu0 129 0 480 94066 150 0 5 0 0 0
[Child Thread 2]:
cpu  129 0 480 94076 150 0 5 0 0 0
cpu0 129 0 480 94076 150 0 5 0 0 0
[Child Thread 2]:
cpu  129 0 480 94085 150 0 5 0 0 0
cpu0 129 0 480 94085 150 0 5 0 0 0
[Child Thread 2]:
cpu  129 0 480 94095 150 0 5 0 0 0
cpu0 129 0 480 94095 150 0 5 0 0 0
[Child Thread 2]:
cpu  129 0 480 94105 150 0 5 0 0 0
cpu0 129 0 480 94105 150 0 5 0 0 0
[Child Thread 2]:
cpu  129 0 481 94115 150 0 5 0 0 0
cpu0 129 0 481 94115 150 0 5 0 0 0
[Child Thread 2]:
cpu  129 0 481 94125 150 0 5 0 0 0
cpu0 129 0 481 94125 150 0 5 0 0 0
[Child Thread 2]:
cpu  129 0 481 94134 150 0 5 0 0 0
cpu0 129 0 481 94134 150 0 5 0 0 0
[Child Thread 2]:
cpu  129 0 481 94144 150 0 5 0 0 0
cpu0 129 0 481 94144 150 0 5 0 0 0
[Child Thread 2]:
cpu  129 0 481 94154 150 0 5 0 0 0
cpu0 129 0 481 94154 150 0 5 0 0 0
[Child Thread 2]:
cpu  129 0 481 94164 150 0 5 0 0 0
cpu0 129 0 481 94164 150 0 5 0 0 0
[Child Thread 2]:
cpu  129 0 481 94174 150 0 5 0 0 0
cpu0 129 0 481 94174 150 0 5 0 0 0
[Child Thread 2]:
cpu  129 0 481 94183 150 0 5 0 0 0
cpu0 129 0 481 94183 150 0 5 0 0 0
[Child Thread 2]:
cpu  129 0 481 94193 150 0 5 0 0 0
cpu0 129 0 481 94193 150 0 5 0 0 0
[Child Thread 2]:
cpu  129 0 481 94203 150 0 5 0 0 0
cpu0 129 0 481 94203 150 0 5 0 0 0
[Child Thread 2]:
cpu  129 0 481 94213 150 0 5 0 0 0
cpu0 129 0 481 94213 150 0 5 0 0 0
[Child Thread 2]:
cpu  129 0 481 94223 150 0 5 0 0 0
cpu0 129 0 481 94223 150 0 5 0 0 0
[Child Thread 2]:
cpu  129 0 481 94232 150 0 5 0 0 0
cpu0 129 0 481 94232 150 0 5 0 0 0
[Child Thread 2]:
cpu  129 0 481 94242 150 0 5 0 0 0
cpu0 129 0 481 94242 150 0 5 0 0 0
[Child Thread 2]:
cpu  129 0 481 94252 150 0 5 0 0 0
cpu0 129 0 481 94252 150 0 5 0 0 0
[Child Thread 2]:
cpu  129 0 481 94262 150 0 5 0 0 0
cpu0 129 0 481 94262 150 0 5 0 0 0
[Child Thread 2]:
cpu  129 0 481 94272 150 0 5 0 0 0
cpu0 129 0 481 94272 150 0 5 0 0 0
[Child Thread 2]:
cpu  129 0 481 94281 150 0 5 0 0 0
cpu0 129 0 481 94281 150 0 5 0 0 0
[Child Thread 2]:
cpu  129 0 481 94291 150 0 5 0 0 0
cpu0 129 0 481 94291 150 0 5 0 0 0
[Child Thread 2]:
cpu  129 0 481 94301 150 0 5 0 0 0
cpu0 129 0 481 94301 150 0 5 0 0 0
[Child Thread 2]:
cpu  129 0 481 94311 150 0 5 0 0 0
cpu0 129 0 481 94311 150 0 5 0 0 0
[Child Thread 2]:
cpu  129 0 481 94321 150 0 5 0 0 0
cpu0 129 0 481 94321 150 0 5 0 0 0
[Child Thread 2]:
cpu  129 0 481 94330 150 0 5 0 0 0
cpu0 129 0 481 94330 150 0 5 0 0 0
[Child Thread 2]:
cpu  129 0 481 94340 150 0 5 0 0 0
cpu0 129 0 481 94340 150 0 5 0 0 0
[Child Thread 2]:
cpu  129 0 481 94350 150 0 5 0 0 0
cpu0 129 0 481 94350 150 0 5 0 0 0
[Child Thread 2]:
cpu  129 0 481 94360 150 0 5 0 0 0
cpu0 129 0 481 94360 150 0 5 0 0 0
[Child Thread 2]:
cpu  129 0 481 94370 150 0 5 0 0 0
cpu0 129 0 481 94370 150 0 5 0 0 0
[Child Thread 2]:
cpu  129 0 481 94379 150 0 5 0 0 0
cpu0 129 0 481 94379 150 0 5 0 0 0
[Child Thread 2]:
cpu  129 0 481 94389 150 0 5 0 0 0
cpu0 129 0 481 94389 150 0 5 0 0 0
[Child Thread 2]:
cpu  129 0 481 94399 150 0 5 0 0 0
cpu0 129 0 481 94399 150 0 5 0 0 0
[Child Thread 2]:
cpu  129 0 481 94409 150 0 5 0 0 0
cpu0 129 0 481 94409 150 0 5 0 0 0
[Child Thread 2]:
cpu  129 0 482 94419 150 0 5 0 0 0
cpu0 129 0 482 94419 150 0 5 0 0 0
[Child Thread 2]:
cpu  129 0 483 94428 150 0 5 0 0 0
cpu0 129 0 483 94428 150 0 5 0 0 0
[Child Thread 2]:
cpu  129 0 483 94438 150 0 5 0 0 0
cpu0 129 0 483 94438 150 0 5 0 0 0
[Child Thread 2]:
cpu  129 0 483 94448 150 0 5 0 0 0
cpu0 129 0 483 94448 150 0 5 0 0 0
[Child Thread 2]:
cpu  129 0 483 94458 150 0 5 0 0 0
cpu0 129 0 483 94458 150 0 5 0 0 0
[Child Thread 2]:
cpu  129 0 483 94468 150 0 5 0 0 0
cpu0 129 0 483 94468 150 0 5 0 0 0
[Child Thread 2]:
cpu  129 0 483 94477 150 0 5 0 0 0
cpu0 129 0 483 94477 150 0 5 0 0 0
[Child Thread 2]:
cpu  129 0 483 94487 150 0 5 0 0 0
cpu0 129 0 483 94487 150 0 5 0 0 0
[Child Thread 2]:
cpu  129 0 483 94497 150 0 5 0 0 0
cpu0 129 0 483 94497 150 0 5 0 0 0
[Child Thread 2]:
cpu  129 0 483 94507 150 0 5 0 0 0
cpu0 129 0 483 94507 150 0 5 0 0 0
[Child Thread 2]:
cpu  129 0 483 94517 150 0 5 0 0 0
cpu0 129 0 483 94517 150 0 5 0 0 0
[Child Thread 2]:
cpu  129 0 483 94527 150 0 5 0 0 0
cpu0 129 0 483 94527 150 0 5 0 0 0
[Child Thread 2]:
cpu  129 0 483 94536 150 0 5 0 0 0
cpu0 129 0 483 94536 150 0 5 0 0 0
[Child Thread 2]:
cpu  129 0 483 94546 150 0 5 0 0 0
cpu0 129 0 483 94546 150 0 5 0 0 0
[Child Thread 2]:
cpu  129 0 483 94556 150 0 5 0 0 0
cpu0 129 0 483 94556 150 0 5 0 0 0
[Child Thread 2]:
cpu  129 0 483 94566 150 0 5 0 0 0
cpu0 129 0 483 94566 150 0 5 0 0 0
[Child Thread 2]:
cpu  129 0 483 94576 150 0 5 0 0 0
cpu0 129 0 483 94576 150 0 5 0 0 0
[Child Thread 2]:
cpu  129 0 483 94586 150 0 5 0 0 0
cpu0 129 0 483 94586 150 0 5 0 0 0
[Child Thread 2]:
cpu  129 0 483 94593 152 0 5 0 0 0
cpu0 129 0 483 94593 152 0 5 0 0 0
[Child Thread 2]:
cpu  129 0 483 94603 152 0 5 0 0 0
cpu0 129 0 483 94603 152 0 5 0 0 0
[Child Thread 2]:
cpu  129 0 483 94613 152 0 5 0 0 0
cpu0 129 0 483 94613 152 0 5 0 0 0
[Child Thread 2]:
cpu  129 0 483 94623 152 0 5 0 0 0
cpu0 129 0 483 94623 152 0 5 0 0 0
[Child Thread 2]:
cpu  129 0 483 94632 152 0 5 0 0 0
cpu0 129 0 483 94632 152 0 5 0 0 0
[Child Thread 2]:
cpu  129 0 483 94642 152 0 5 0 0 0
cpu0 129 0 483 94642 152 0 5 0 0 0
[Child Thread 2]:
cpu  129 0 483 94652 152 0 5 0 0 0
cpu0 129 0 483 94652 152 0 5 0 0 0
[Child Thread 2]:
cpu  129 0 483 94662 152 0 5 0 0 0
cpu0 129 0 483 94662 152 0 5 0 0 0
[Child Thread 2]:
cpu  129 0 483 94671 152 0 5 0 0 0
cpu0 129 0 483 94671 152 0 5 0 0 0
[Child Thread 2]:
cpu  129 0 483 94681 152 0 5 0 0 0
cpu0 129 0 483 94681 152 0 5 0 0 0
[Child Thread 2]:
cpu  129 0 483 94691 152 0 5 0 0 0
cpu0 129 0 483 94691 152 0 5 0 0 0
[Child Thread 2]:
cpu  129 0 483 94701 152 0 5 0 0 0
cpu0 129 0 483 94701 152 0 5 0 0 0
[Child Thread 2]:
cpu  129 0 483 94711 152 0 5 0 0 0
cpu0 129 0 483 94711 152 0 5 0 0 0
[Child Thread 2]:
cpu  129 0 483 94721 152 0 5 0 0 0
cpu0 129 0 483 94721 152 0 5 0 0 0
[Child Thread 2]:
cpu  129 0 483 94730 152 0 5 0 0 0
cpu0 129 0 483 94730 152 0 5 0 0 0
[Child Thread 2]:
cpu  129 0 483 94740 152 0 5 0 0 0
cpu0 129 0 483 94740 152 0 5 0 0 0
[Child Thread 2]:
cpu  129 0 483 94750 152 0 5 0 0 0
cpu0 129 0 483 94750 152 0 5 0 0 0
[Child Thread 2]:
cpu  129 0 483 94760 152 0 5 0 0 0
cpu0 129 0 483 94760 152 0 5 0 0 0
[Child Thread 2]:
cpu  129 0 483 94770 152 0 5 0 0 0
cpu0 129 0 483 94770 152 0 5 0 0 0
[Child Thread 2]:
cpu  129 0 483 94780 152 0 5 0 0 0
cpu0 129 0 483 94780 152 0 5 0 0 0
[Child Thread 2]:
cpu  129 0 483 94789 152 0 5 0 0 0
cpu0 129 0 483 94789 152 0 5 0 0 0
[Child Thread 2]:
cpu  129 0 483 94799 152 0 5 0 0 0
cpu0 129 0 483 94799 152 0 5 0 0 0
[Child Thread 2]:
cpu  129 0 483 94809 152 0 5 0 0 0
cpu0 129 0 483 94809 152 0 5 0 0 0
[Child Thread 2]:
cpu  129 0 483 94819 152 0 5 0 0 0
cpu0 129 0 483 94819 152 0 5 0 0 0
[Child Thread 2]:
cpu  129 0 483 94829 152 0 5 0 0 0
cpu0 129 0 483 94829 152 0 5 0 0 0
[Child Thread 2]:
cpu  129 0 483 94838 152 0 5 0 0 0
cpu0 129 0 483 94838 152 0 5 0 0 0
[Child Thread 2]:
cpu  129 0 483 94848 152 0 5 0 0 0
cpu0 129 0 483 94848 152 0 5 0 0 0
[Child Thread 2]:
cpu  129 0 483 94858 152 0 5 0 0 0
cpu0 129 0 483 94858 152 0 5 0 0 0
[Child Thread 2]:
cpu  129 0 483 94868 152 0 5 0 0 0
cpu0 129 0 483 94868 152 0 5 0 0 0
[Child Thread 2]:
cpu  129 0 483 94878 152 0 5 0 0 0
cpu0 129 0 483 94878 152 0 5 0 0 0
[Child Thread 2]:
cpu  129 0 483 94887 152 0 5 0 0 0
cpu0 129 0 483 94887 152 0 5 0 0 0
[Child Thread 2]:
cpu  129 0 483 94897 152 0 5 0 0 0
cpu0 129 0 483 94897 152 0 5 0 0 0
[Child Thread 2]:
cpu  129 0 483 94907 152 0 5 0 0 0
cpu0 129 0 483 94907 152 0 5 0 0 0
[Child Thread 2]:
cpu  129 0 483 94917 152 0 5 0 0 0
cpu0 129 0 483 94917 152 0 5 0 0 0
[Child Thread 2]:
cpu  129 0 483 94927 152 0 5 0 0 0
cpu0 129 0 483 94927 152 0 5 0 0 0
[Child Thread 2]:
cpu  129 0 483 94937 152 0 5 0 0 0
cpu0 129 0 483 94937 152 0 5 0 0 0
[Child Thread 2]:
cpu  129 0 483 94946 152 0 5 0 0 0
cpu0 129 0 483 94946 152 0 5 0 0 0
[Child Thread 2]:
cpu  129 0 483 94956 152 0 5 0 0 0
cpu0 129 0 483 94956 152 0 5 0 0 0
[Child Thread 2]:
cpu  129 0 483 94966 152 0 5 0 0 0
cpu0 129 0 483 94966 152 0 5 0 0 0
[Child Thread 2]:
cpu  129 0 483 94976 152 0 5 0 0 0
cpu0 129 0 483 94976 152 0 5 0 0 0
[Child Thread 2]:
cpu  129 0 483 94986 152 0 5 0 0 0
cpu0 129 0 483 94986 152 0 5 0 0 0
[Child Thread 2]:
cpu  129 0 483 94996 152 0 5 0 0 0
cpu0 129 0 483 94996 152 0 5 0 0 0
[Child Thread 2]:
cpu  129 0 483 95005 152 0 5 0 0 0
cpu0 129 0 483 95005 152 0 5 0 0 0
[Child Thread 2]:
cpu  129 0 483 95015 152 0 5 0 0 0
cpu0 129 0 483 95015 152 0 5 0 0 0
[Child Thread 2]:
cpu  129 0 483 95025 152 0 5 0 0 0
cpu0 129 0 483 95025 152 0 5 0 0 0
[Child Thread 2]:
cpu  129 0 483 95035 152 0 5 0 0 0
cpu0 129 0 483 95035 152 0 5 0 0 0
[Child Thread 2]:
cpu  129 0 483 95045 152 0 5 0 0 0
cpu0 129 0 483 95045 152 0 5 0 0 0
[Child Thread 2]:
cpu  129 0 483 95055 152 0 5 0 0 0
cpu0 129 0 483 95055 152 0 5 0 0 0
[Child Thread 2]:
cpu  129 0 483 95064 152 0 5 0 0 0
cpu0 129 0 483 95064 152 0 5 0 0 0
[Child Thread 2]:
cpu  129 0 483 95074 152 0 5 0 0 0
cpu0 129 0 483 95074 152 0 5 0 0 0
[Child Thread 2]:
cpu  129 0 483 95084 152 0 5 0 0 0
cpu0 129 0 483 95084 152 0 5 0 0 0
[Child Thread 2]:
cpu  129 0 483 95094 152 0 5 0 0 0
cpu0 129 0 483 95094 152 0 5 0 0 0
[Child Thread 2]:
cpu  129 0 483 95104 152 0 5 0 0 0
cpu0 129 0 483 95104 152 0 5 0 0 0
[Child Thread 2]:
cpu  129 0 483 95114 152 0 5 0 0 0
cpu0 129 0 483 95114 152 0 5 0 0 0
[Child Thread 2]:
cpu  129 0 483 95123 152 0 5 0 0 0
cpu0 129 0 483 95123 152 0 5 0 0 0
[Child Thread 2]:
cpu  129 0 483 95133 152 0 5 0 0 0
cpu0 129 0 483 95133 152 0 5 0 0 0
[Child Thread 2]:
cpu  129 0 483 95143 152 0 5 0 0 0
cpu0 129 0 483 95143 152 0 5 0 0 0
[Child Thread 2]:
cpu  129 0 483 95153 152 0 5 0 0 0
cpu0 129 0 483 95153 152 0 5 0 0 0
[Child Thread 2]:
cpu  129 0 484 95163 152 0 5 0 0 0
cpu0 129 0 484 95163 152 0 5 0 0 0
[Child Thread 2]:
cpu  129 0 484 95173 152 0 5 0 0 0
cpu0 129 0 484 95173 152 0 5 0 0 0
[Child Thread 2]:
cpu  129 0 484 95182 152 0 5 0 0 0
cpu0 129 0 484 95182 152 0 5 0 0 0
[Child Thread 2]:
cpu  129 0 484 95192 152 0 5 0 0 0
cpu0 129 0 484 95192 152 0 5 0 0 0
[Child Thread 2]:
cpu  129 0 484 95202 152 0 5 0 0 0
cpu0 129 0 484 95202 152 0 5 0 0 0
[Child Thread 2]:
cpu  129 0 484 95212 152 0 5 0 0 0
cpu0 129 0 484 95212 152 0 5 0 0 0
[Child Thread 2]:
cpu  129 0 484 95222 152 0 5 0 0 0
cpu0 129 0 484 95222 152 0 5 0 0 0
[Child Thread 2]:
cpu  129 0 484 95232 152 0 5 0 0 0
cpu0 129 0 484 95232 152 0 5 0 0 0
[Child Thread 2]:
cpu  129 0 484 95242 152 0 5 0 0 0
cpu0 129 0 484 95242 152 0 5 0 0 0
[Child Thread 2]:
cpu  129 0 484 95251 152 0 5 0 0 0
cpu0 129 0 484 95251 152 0 5 0 0 0
[Child Thread 2]:
cpu  129 0 484 95261 152 0 5 0 0 0
cpu0 129 0 484 95261 152 0 5 0 0 0
[Child Thread 2]:
cpu  129 0 484 95271 152 0 5 0 0 0
cpu0 129 0 484 95271 152 0 5 0 0 0
[Child Thread 2]:
cpu  129 0 484 95281 152 0 5 0 0 0
cpu0 129 0 484 95281 152 0 5 0 0 0
[Child Thread 2]:
cpu  129 0 484 95291 152 0 5 0 0 0
cpu0 129 0 484 95291 152 0 5 0 0 0
[Child Thread 2]:
cpu  129 0 484 95301 152 0 5 0 0 0
cpu0 129 0 484 95301 152 0 5 0 0 0
[Child Thread 2]:
cpu  129 0 484 95310 152 0 5 0 0 0
cpu0 129 0 484 95310 152 0 5 0 0 0
[Child Thread 2]:
cpu  129 0 484 95320 152 0 5 0 0 0
cpu0 129 0 484 95320 152 0 5 0 0 0
[Child Thread 2]:
cpu  129 0 484 95330 152 0 5 0 0 0
cpu0 129 0 484 95330 152 0 5 0 0 0
[Child Thread 2]:
cpu  129 0 484 95340 152 0 5 0 0 0
cpu0 129 0 484 95340 152 0 5 0 0 0
[Child Thread 2]:
cpu  129 0 485 95350 152 0 5 0 0 0
cpu0 129 0 485 95350 152 0 5 0 0 0
[Child Thread 2]:
cpu  129 0 485 95359 152 0 5 0 0 0
cpu0 129 0 485 95359 152 0 5 0 0 0
[Child Thread 2]:
cpu  129 0 485 95369 152 0 5 0 0 0
cpu0 129 0 485 95369 152 0 5 0 0 0
[Child Thread 2]:
cpu  129 0 485 95379 152 0 5 0 0 0
cpu0 129 0 485 95379 152 0 5 0 0 0
[Child Thread 2]:
cpu  129 0 485 95389 152 0 5 0 0 0
cpu0 129 0 485 95389 152 0 5 0 0 0
[Child Thread 2]:
cpu  129 0 485 95399 152 0 5 0 0 0
cpu0 129 0 485 95399 152 0 5 0 0 0
[Child Thread 2]:
cpu  129 0 485 95408 152 0 5 0 0 0
cpu0 129 0 485 95408 152 0 5 0 0 0
[Child Thread 2]:
cpu  129 0 485 95418 152 0 5 0 0 0
cpu0 129 0 485 95418 152 0 5 0 0 0
[Child Thread 2]:
cpu  129 0 485 95428 152 0 5 0 0 0
cpu0 129 0 485 95428 152 0 5 0 0 0
[Child Thread 2]:
cpu  129 0 485 95438 152 0 5 0 0 0
cpu0 129 0 485 95438 152 0 5 0 0 0
[Child Thread 2]:
cpu  129 0 485 95448 152 0 5 0 0 0
cpu0 129 0 485 95448 152 0 5 0 0 0
[Child Thread 2]:
cpu  129 0 485 95458 152 0 5 0 0 0
cpu0 129 0 485 95458 152 0 5 0 0 0
[Child Thread 2]:
cpu  129 0 485 95466 154 0 5 0 0 0
cpu0 129 0 485 95466 154 0 5 0 0 0
[Child Thread 2]:
cpu  129 0 485 95475 154 0 5 0 0 0
cpu0 129 0 485 95475 154 0 5 0 0 0
[Child Thread 2]:
cpu  129 0 485 95485 154 0 5 0 0 0
cpu0 129 0 485 95485 154 0 5 0 0 0
[Child Thread 2]:
cpu  129 0 485 95495 154 0 5 0 0 0
cpu0 129 0 485 95495 154 0 5 0 0 0
[Child Thread 2]:
cpu  129 0 485 95505 154 0 5 0 0 0
cpu0 129 0 485 95505 154 0 5 0 0 0
[Child Thread 2]:
cpu  129 0 485 95514 154 0 5 0 0 0
cpu0 129 0 485 95514 154 0 5 0 0 0
[Child Thread 2]:
cpu  129 0 485 95524 154 0 5 0 0 0
cpu0 129 0 485 95524 154 0 5 0 0 0
[Child Thread 2]:
cpu  129 0 485 95534 154 0 5 0 0 0
cpu0 129 0 485 95534 154 0 5 0 0 0
[Child Thread 2]:
cpu  129 0 485 95544 154 0 5 0 0 0
cpu0 129 0 485 95544 154 0 5 0 0 0
[Child Thread 2]:
cpu  129 0 485 95554 154 0 5 0 0 0
cpu0 129 0 485 95554 154 0 5 0 0 0
[Child Thread 2]:
cpu  129 0 485 95564 154 0 5 0 0 0
cpu0 129 0 485 95564 154 0 5 0 0 0
[Child Thread 2]:
cpu  129 0 485 95574 154 0 5 0 0 0
cpu0 129 0 485 95574 154 0 5 0 0 0
[Child Thread 2]:
cpu  129 0 485 95583 154 0 5 0 0 0
cpu0 129 0 485 95583 154 0 5 0 0 0
[Child Thread 2]:
cpu  129 0 485 95593 154 0 5 0 0 0
cpu0 129 0 485 95593 154 0 5 0 0 0
[Child Thread 2]:
cpu  129 0 485 95603 154 0 5 0 0 0
cpu0 129 0 485 95603 154 0 5 0 0 0
[Child Thread 2]:
cpu  129 0 485 95613 154 0 5 0 0 0
cpu0 129 0 485 95613 154 0 5 0 0 0
[Child Thread 2]:
cpu  129 0 485 95623 154 0 5 0 0 0
cpu0 129 0 485 95623 154 0 5 0 0 0
[Child Thread 2]:
cpu  129 0 485 95633 154 0 5 0 0 0
cpu0 129 0 485 95633 154 0 5 0 0 0
[Child Thread 2]:
cpu  129 0 485 95643 154 0 5 0 0 0
cpu0 129 0 485 95643 154 0 5 0 0 0
[Child Thread 2]:
cpu  129 0 485 95652 154 0 5 0 0 0
cpu0 129 0 485 95652 154 0 5 0 0 0
[Child Thread 2]:
cpu  129 0 485 95662 154 0 5 0 0 0
cpu0 129 0 485 95662 154 0 5 0 0 0
[Child Thread 2]:
cpu  129 0 485 95672 154 0 5 0 0 0
cpu0 129 0 485 95672 154 0 5 0 0 0
[Child Thread 2]:
cpu  129 0 485 95682 154 0 5 0 0 0
cpu0 129 0 485 95682 154 0 5 0 0 0
[Child Thread 2]:
cpu  129 0 485 95692 154 0 5 0 0 0
cpu0 129 0 485 95692 154 0 5 0 0 0
[Child Thread 2]:
cpu  129 0 485 95701 154 0 5 0 0 0
cpu0 129 0 485 95701 154 0 5 0 0 0
[Child Thread 2]:
cpu  129 0 485 95711 154 0 5 0 0 0
cpu0 129 0 485 95711 154 0 5 0 0 0
[Child Thread 2]:
cpu  129 0 485 95721 154 0 5 0 0 0
cpu0 129 0 485 95721 154 0 5 0 0 0
[Child Thread 2]:
cpu  129 0 485 95731 154 0 5 0 0 0
cpu0 129 0 485 95731 154 0 5 0 0 0
[Child Thread 2]:
cpu  129 0 485 95741 154 0 5 0 0 0
cpu0 129 0 485 95741 154 0 5 0 0 0
[Child Thread 2]:
cpu  129 0 485 95750 154 0 5 0 0 0
cpu0 129 0 485 95750 154 0 5 0 0 0
[Child Thread 2]:
cpu  129 0 485 95760 154 0 5 0 0 0
cpu0 129 0 485 95760 154 0 5 0 0 0
[Child Thread 2]:
cpu  129 0 485 95770 154 0 5 0 0 0
cpu0 129 0 485 95770 154 0 5 0 0 0
[Child Thread 2]:
cpu  129 0 485 95780 154 0 5 0 0 0
cpu0 129 0 485 95780 154 0 5 0 0 0
[Child Thread 2]:
cpu  129 0 485 95790 154 0 5 0 0 0
cpu0 129 0 485 95790 154 0 5 0 0 0
[Child Thread 2]:
cpu  129 0 485 95800 154 0 5 0 0 0
cpu0 129 0 485 95800 154 0 5 0 0 0
[Child Thread 2]:
cpu  129 0 485 95809 154 0 5 0 0 0
cpu0 129 0 485 95809 154 0 5 0 0 0
[Child Thread 2]:
cpu  129 0 485 95819 154 0 5 0 0 0
cpu0 129 0 485 95819 154 0 5 0 0 0
[Child Thread 2]:
cpu  129 0 485 95829 154 0 5 0 0 0
cpu0 129 0 485 95829 154 0 5 0 0 0
[Child Thread 2]:
cpu  129 0 485 95839 154 0 5 0 0 0
cpu0 129 0 485 95839 154 0 5 0 0 0
[Child Thread 2]:
cpu  129 0 485 95849 154 0 5 0 0 0
cpu0 129 0 485 95849 154 0 5 0 0 0
[Child Thread 2]:
cpu  129 0 485 95859 154 0 5 0 0 0
cpu0 129 0 485 95859 154 0 5 0 0 0
[Child Thread 2]:
cpu  129 0 485 95869 154 0 5 0 0 0
cpu0 129 0 485 95869 154 0 5 0 0 0
[Child Thread 2]:
cpu  129 0 485 95878 154 0 5 0 0 0
cpu0 129 0 485 95878 154 0 5 0 0 0
[Child Thread 2]:
cpu  129 0 485 95888 154 0 5 0 0 0
cpu0 129 0 485 95888 154 0 5 0 0 0
[Child Thread 2]:
cpu  129 0 485 95898 154 0 5 0 0 0
cpu0 129 0 485 95898 154 0 5 0 0 0
[Child Thread 2]:
cpu  129 0 485 95908 154 0 5 0 0 0
cpu0 129 0 485 95908 154 0 5 0 0 0
[Child Thread 2]:
cpu  129 0 485 95918 154 0 5 0 0 0
cpu0 129 0 485 95918 154 0 5 0 0 0
[Child Thread 2]:
cpu  129 0 485 95928 154 0 5 0 0 0
cpu0 129 0 485 95928 154 0 5 0 0 0
[Child Thread 2]:
cpu  129 0 485 95937 154 0 5 0 0 0
cpu0 129 0 485 95937 154 0 5 0 0 0
[Child Thread 2]:
cpu  129 0 485 95947 154 0 5 0 0 0
cpu0 129 0 485 95947 154 0 5 0 0 0
[Child Thread 2]:
cpu  129 0 485 95957 154 0 5 0 0 0
cpu0 129 0 485 95957 154 0 5 0 0 0
[Child Thread 2]:
cpu  129 0 485 95967 154 0 5 0 0 0
cpu0 129 0 485 95967 154 0 5 0 0 0
[Child Thread 2]:
cpu  129 0 485 95977 154 0 5 0 0 0
cpu0 129 0 485 95977 154 0 5 0 0 0
[Child Thread 2]:
cpu  129 0 485 95987 154 0 5 0 0 0
cpu0 129 0 485 95987 154 0 5 0 0 0
[Child Thread 2]:
cpu  129 0 485 95997 154 0 5 0 0 0
cpu0 129 0 485 95997 154 0 5 0 0 0
[Child Thread 2]:
cpu  129 0 485 96006 154 0 5 0 0 0
cpu0 129 0 485 96006 154 0 5 0 0 0
[Child Thread 2]:
cpu  129 0 485 96016 154 0 5 0 0 0
cpu0 129 0 485 96016 154 0 5 0 0 0
[Child Thread 2]:
cpu  129 0 485 96026 154 0 5 0 0 0
cpu0 129 0 485 96026 154 0 5 0 0 0
[Child Thread 2]:
cpu  129 0 485 96036 154 0 5 0 0 0
cpu0 129 0 485 96036 154 0 5 0 0 0
[Child Thread 2]:
cpu  129 0 485 96046 154 0 5 0 0 0
cpu0 129 0 485 96046 154 0 5 0 0 0
[Child Thread 2]:
cpu  129 0 485 96056 154 0 5 0 0 0
cpu0 129 0 485 96056 154 0 5 0 0 0
[Child Thread 2]:
cpu  129 0 485 96065 154 0 5 0 0 0
cpu0 129 0 485 96065 154 0 5 0 0 0
[Child Thread 2]:
cpu  129 0 485 96075 154 0 5 0 0 0
cpu0 129 0 485 96075 154 0 5 0 0 0
[Child Thread 2]:
cpu  129 0 485 96085 154 0 5 0 0 0
cpu0 129 0 485 96085 154 0 5 0 0 0
[Child Thread 2]:
cpu  129 0 485 96095 154 0 5 0 0 0
cpu0 129 0 485 96095 154 0 5 0 0 0
[Child Thread 2]:
cpu  129 0 485 96105 154 0 5 0 0 0
cpu0 129 0 485 96105 154 0 5 0 0 0
[Child Thread 2]:
cpu  129 0 485 96115 154 0 5 0 0 0
cpu0 129 0 485 96115 154 0 5 0 0 0
[Child Thread 2]:
cpu  129 0 485 96125 154 0 5 0 0 0
cpu0 129 0 485 96125 154 0 5 0 0 0
[Child Thread 2]:
cpu  129 0 485 96134 154 0 5 0 0 0
cpu0 129 0 485 96134 154 0 5 0 0 0
[Child Thread 2]:
cpu  129 0 485 96144 154 0 5 0 0 0
cpu0 129 0 485 96144 154 0 5 0 0 0
[Child Thread 2]:
cpu  129 0 485 96154 154 0 5 0 0 0
cpu0 129 0 485 96154 154 0 5 0 0 0
[Child Thread 2]:
cpu  129 0 485 96164 154 0 5 0 0 0
cpu0 129 0 485 96164 154 0 5 0 0 0
[Child Thread 2]:
cpu  129 0 485 96174 154 0 5 0 0 0
cpu0 129 0 485 96174 154 0 5 0 0 0
[Child Thread 2]:
cpu  129 0 485 96183 154 0 5 0 0 0
cpu0 129 0 485 96183 154 0 5 0 0 0
[Child Thread 2]:
cpu  129 0 485 96193 154 0 5 0 0 0
cpu0 129 0 485 96193 154 0 5 0 0 0
[Child Thread 2]:
cpu  129 0 485 96203 154 0 5 0 0 0
cpu0 129 0 485 96203 154 0 5 0 0 0
[Child Thread 2]:
cpu  129 0 485 96213 154 0 5 0 0 0
cpu0 129 0 485 96213 154 0 5 0 0 0
[Child Thread 2]:
cpu  129 0 485 96223 154 0 5 0 0 0
cpu0 129 0 485 96223 154 0 5 0 0 0
[Child Thread 2]:
[Parent Thread]: Started at Thu Jan  1 00:15:52 1970
[Parent Thread]: Started with PID {2617} and TID {2618}.
[Parent Thread]: Completed at {Thu Jan  1 00:16:16 1970
}
cpu  129 0 485 96233 154 0 5 0 0 0
cpu0 129 0 485 96233 154 0 5 0 0 0
[Child Thread 2]:
cpu  130 0 485 96242 154 0 5 0 0 0
cpu0 130 0 485 96242 154 0 5 0 0 0
[Child Thread 2]:
cpu  130 0 485 96252 154 0 5 0 0 0
cpu0 130 0 485 96252 154 0 5 0 0 0
[Child Thread 2]:
cpu  130 0 485 96262 154 0 5 0 0 0
cpu0 130 0 485 96262 154 0 5 0 0 0
[Child Thread 2]:
cpu  130 0 485 96272 154 0 5 0 0 0
cpu0 130 0 485 96272 154 0 5 0 0 0
[Child Thread 2]:
cpu  130 0 485 96282 154 0 5 0 0 0
cpu0 130 0 485 96282 154 0 5 0 0 0
[Child Thread 2]:
cpu  130 0 485 96292 154 0 5 0 0 0
cpu0 130 0 485 96292 154 0 5 0 0 0
[Child Thread 2]:
cpu  130 0 485 96301 154 0 5 0 0 0
cpu0 130 0 485 96301 154 0 5 0 0 0
[Child Thread 2]:
cpu  130 0 485 96311 154 0 5 0 0 0
cpu0 130 0 485 96311 154 0 5 0 0 0
[Child Thread 2]: SIGUSR1 Signal received - thread terminated.
