[Child Thread 2]: Started at Thu Jan  1 00:12:45 1970
[Child Thread 2]: Started with PID {2131} and TID {2134}.
[Child Thread 2]:
cpu  112 0 456 75507 136 0 5 0 0 0
cpu0 112 0 456 75507 136 0 5 0 0 0
[Child Thread 2]:
cpu  112 0 456 75516 136 0 5 0 0 0
cpu0 112 0 456 75516 136 0 5 0 0 0
[Child Thread 2]:
cpu  112 0 456 75526 136 0 5 0 0 0
cpu0 112 0 456 75526 136 0 5 0 0 0
[Child Thread 2]:
cpu  112 0 456 75536 136 0 5 0 0 0
cpu0 112 0 456 75536 136 0 5 0 0 0
[Child Thread 2]:
cpu  112 0 456 75546 136 0 5 0 0 0
cpu0 112 0 456 75546 136 0 5 0 0 0
[Child Thread 2]:
cpu  112 0 456 75556 136 0 5 0 0 0
cpu0 112 0 456 75556 136 0 5 0 0 0
[Child Thread 2]:
cpu  112 0 456 75566 136 0 5 0 0 0
cpu0 112 0 456 75566 136 0 5 0 0 0
[Child Thread 2]:
cpu  112 0 456 75576 136 0 5 0 0 0
cpu0 112 0 456 75576 136 0 5 0 0 0
[Child Thread 2]:
cpu  112 0 456 75585 136 0 5 0 0 0
cpu0 112 0 456 75585 136 0 5 0 0 0
[Child Thread 2]:
cpu  112 0 456 75595 136 0 5 0 0 0
cpu0 112 0 456 75595 136 0 5 0 0 0
[Child Thread 2]:
cpu  112 0 456 75605 136 0 5 0 0 0
cpu0 112 0 456 75605 136 0 5 0 0 0
[Child Thread 2]:
cpu  112 0 456 75615 136 0 5 0 0 0
cpu0 112 0 456 75615 136 0 5 0 0 0
[Child Thread 2]:
cpu  112 0 456 75625 136 0 5 0 0 0
cpu0 112 0 456 75625 136 0 5 0 0 0
[Child Thread 2]:
cpu  112 0 456 75635 136 0 5 0 0 0
cpu0 112 0 456 75635 136 0 5 0 0 0
[Child Thread 2]:
cpu  112 0 456 75645 136 0 5 0 0 0
cpu0 112 0 456 75645 136 0 5 0 0 0
[Child Thread 2]:
cpu  112 0 456 75654 136 0 5 0 0 0
cpu0 112 0 456 75654 136 0 5 0 0 0
[Child Thread 2]:
cpu  112 0 456 75664 136 0 5 0 0 0
cpu0 112 0 456 75664 136 0 5 0 0 0
[Child Thread 2]:
cpu  112 0 456 75674 136 0 5 0 0 0
cpu0 112 0 456 75674 136 0 5 0 0 0
[Child Thread 2]:
cpu  112 0 456 75684 136 0 5 0 0 0
cpu0 112 0 456 75684 136 0 5 0 0 0
[Child Thread 2]:
cpu  112 0 456 75694 136 0 5 0 0 0
cpu0 112 0 456 75694 136 0 5 0 0 0
[Child Thread 2]:
cpu  112 0 456 75704 136 0 5 0 0 0
cpu0 112 0 456 75704 136 0 5 0 0 0
[Child Thread 2]:
cpu  112 0 456 75713 136 0 5 0 0 0
cpu0 112 0 456 75713 136 0 5 0 0 0
[Child Thread 2]:
cpu  112 0 456 75723 136 0 5 0 0 0
cpu0 112 0 456 75723 136 0 5 0 0 0
[Child Thread 2]:
cpu  112 0 456 75733 136 0 5 0 0 0
cpu0 112 0 456 75733 136 0 5 0 0 0
[Child Thread 2]:
cpu  112 0 456 75743 136 0 5 0 0 0
cpu0 112 0 456 75743 136 0 5 0 0 0
[Child Thread 2]:
cpu  112 0 456 75752 136 0 5 0 0 0
cpu0 112 0 456 75752 136 0 5 0 0 0
[Child Thread 2]:
cpu  112 0 456 75762 136 0 5 0 0 0
cpu0 112 0 456 75762 136 0 5 0 0 0
[Child Thread 2]:
cpu  112 0 456 75772 136 0 5 0 0 0
cpu0 112 0 456 75772 136 0 5 0 0 0
[Child Thread 2]:
cpu  112 0 456 75782 136 0 5 0 0 0
cpu0 112 0 456 75782 136 0 5 0 0 0
[Child Thread 2]:
cpu  112 0 456 75792 136 0 5 0 0 0
cpu0 112 0 456 75792 136 0 5 0 0 0
[Child Thread 2]:
cpu  112 0 456 75802 136 0 5 0 0 0
cpu0 112 0 456 75802 136 0 5 0 0 0
[Child Thread 2]:
cpu  112 0 456 75811 136 0 5 0 0 0
cpu0 112 0 456 75811 136 0 5 0 0 0
[Child Thread 2]:
cpu  112 0 456 75821 136 0 5 0 0 0
cpu0 112 0 456 75821 136 0 5 0 0 0
[Child Thread 2]:
cpu  112 0 456 75831 136 0 5 0 0 0
cpu0 112 0 456 75831 136 0 5 0 0 0
[Child Thread 2]:
cpu  112 0 456 75841 136 0 5 0 0 0
cpu0 112 0 456 75841 136 0 5 0 0 0
[Child Thread 2]:
cpu  112 0 456 75851 136 0 5 0 0 0
cpu0 112 0 456 75851 136 0 5 0 0 0
[Child Thread 2]:
cpu  112 0 456 75861 136 0 5 0 0 0
cpu0 112 0 456 75861 136 0 5 0 0 0
[Child Thread 2]:
cpu  112 0 456 75871 136 0 5 0 0 0
cpu0 112 0 456 75871 136 0 5 0 0 0
[Child Thread 2]:
cpu  112 0 456 75881 136 0 5 0 0 0
cpu0 112 0 456 75881 136 0 5 0 0 0
[Child Thread 2]:
cpu  112 0 456 75890 136 0 5 0 0 0
cpu0 112 0 456 75890 136 0 5 0 0 0
[Child Thread 2]:
cpu  112 0 456 75900 136 0 5 0 0 0
cpu0 112 0 456 75900 136 0 5 0 0 0
[Child Thread 2]:
cpu  112 0 456 75910 136 0 5 0 0 0
cpu0 112 0 456 75910 136 0 5 0 0 0
[Child Thread 2]:
cpu  112 0 456 75920 136 0 5 0 0 0
cpu0 112 0 456 75920 136 0 5 0 0 0
[Child Thread 2]:
cpu  112 0 456 75930 136 0 5 0 0 0
cpu0 112 0 456 75930 136 0 5 0 0 0
[Child Thread 2]:
cpu  112 0 456 75940 136 0 5 0 0 0
cpu0 112 0 456 75940 136 0 5 0 0 0
[Child Thread 2]:
cpu  112 0 456 75949 136 0 5 0 0 0
cpu0 112 0 456 75949 136 0 5 0 0 0
[Child Thread 2]:
cpu  112 0 456 75959 136 0 5 0 0 0
cpu0 112 0 456 75959 136 0 5 0 0 0
[Child Thread 2]:
cpu  112 0 456 75969 136 0 5 0 0 0
cpu0 112 0 456 75969 136 0 5 0 0 0
[Child Thread 2]:
cpu  112 0 456 75979 136 0 5 0 0 0
cpu0 112 0 456 75979 136 0 5 0 0 0
[Child Thread 2]:
cpu  112 0 456 75989 136 0 5 0 0 0
cpu0 112 0 456 75989 136 0 5 0 0 0
[Child Thread 2]:
cpu  112 0 456 75998 137 0 5 0 0 0
cpu0 112 0 456 75998 137 0 5 0 0 0
[Child Thread 2]:
cpu  112 0 456 76008 137 0 5 0 0 0
cpu0 112 0 456 76008 137 0 5 0 0 0
[Child Thread 2]:
cpu  112 0 456 76018 137 0 5 0 0 0
cpu0 112 0 456 76018 137 0 5 0 0 0
[Child Thread 2]:
cpu  112 0 456 76027 137 0 5 0 0 0
cpu0 112 0 456 76027 137 0 5 0 0 0
[Child Thread 2]:
cpu  112 0 456 76037 137 0 5 0 0 0
cpu0 112 0 456 76037 137 0 5 0 0 0
[Child Thread 2]:
cpu  112 0 456 76047 137 0 5 0 0 0
cpu0 112 0 456 76047 137 0 5 0 0 0
[Child Thread 2]:
cpu  112 0 456 76057 137 0 5 0 0 0
cpu0 112 0 456 76057 137 0 5 0 0 0
[Child Thread 2]:
cpu  112 0 456 76067 137 0 5 0 0 0
cpu0 112 0 456 76067 137 0 5 0 0 0
[Child Thread 2]:
cpu  112 0 456 76077 137 0 5 0 0 0
cpu0 112 0 456 76077 137 0 5 0 0 0
[Child Thread 2]:
cpu  112 0 456 76087 137 0 5 0 0 0
cpu0 112 0 456 76087 137 0 5 0 0 0
[Child Thread 2]:
cpu  112 0 456 76096 137 0 5 0 0 0
cpu0 112 0 456 76096 137 0 5 0 0 0
[Child Thread 2]:
cpu  112 0 456 76106 137 0 5 0 0 0
cpu0 112 0 456 76106 137 0 5 0 0 0
[Child Thread 2]:
cpu  112 0 456 76116 137 0 5 0 0 0
cpu0 112 0 456 76116 137 0 5 0 0 0
[Child Thread 2]:
cpu  112 0 456 76126 137 0 5 0 0 0
cpu0 112 0 456 76126 137 0 5 0 0 0
[Child Thread 2]:
cpu  112 0 456 76136 137 0 5 0 0 0
cpu0 112 0 456 76136 137 0 5 0 0 0
[Child Thread 2]:
cpu  112 0 456 76146 137 0 5 0 0 0
cpu0 112 0 456 76146 137 0 5 0 0 0
[Child Thread 2]:
cpu  112 0 456 76155 137 0 5 0 0 0
cpu0 112 0 456 76155 137 0 5 0 0 0
[Child Thread 2]:
cpu  112 0 456 76165 137 0 5 0 0 0
cpu0 112 0 456 76165 137 0 5 0 0 0
[Child Thread 2]:
cpu  112 0 456 76175 137 0 5 0 0 0
cpu0 112 0 456 76175 137 0 5 0 0 0
[Child Thread 2]:
cpu  112 0 456 76185 137 0 5 0 0 0
cpu0 112 0 456 76185 137 0 5 0 0 0
[Child Thread 2]:
cpu  112 0 456 76195 137 0 5 0 0 0
cpu0 112 0 456 76195 137 0 5 0 0 0
[Child Thread 2]:
cpu  112 0 456 76205 137 0 5 0 0 0
cpu0 112 0 456 76205 137 0 5 0 0 0
[Child Thread 2]:
cpu  112 0 456 76215 137 0 5 0 0 0
cpu0 112 0 456 76215 137 0 5 0 0 0
[Child Thread 2]:
cpu  112 0 456 76224 137 0 5 0 0 0
cpu0 112 0 456 76224 137 0 5 0 0 0
[Child Thread 2]:
cpu  112 0 456 76234 137 0 5 0 0 0
cpu0 112 0 456 76234 137 0 5 0 0 0
[Child Thread 2]:
cpu  112 0 456 76244 137 0 5 0 0 0
cpu0 112 0 456 76244 137 0 5 0 0 0
[Child Thread 2]:
cpu  112 0 456 76254 137 0 5 0 0 0
cpu0 112 0 456 76254 137 0 5 0 0 0
[Child Thread 2]:
cpu  112 0 456 76264 137 0 5 0 0 0
cpu0 112 0 456 76264 137 0 5 0 0 0
[Child Thread 2]:
cpu  112 0 456 76274 137 0 5 0 0 0
cpu0 112 0 456 76274 137 0 5 0 0 0
[Child Thread 2]:
cpu  112 0 456 76284 137 0 5 0 0 0
cpu0 112 0 456 76284 137 0 5 0 0 0
[Child Thread 2]:
cpu  112 0 456 76293 137 0 5 0 0 0
cpu0 112 0 456 76293 137 0 5 0 0 0
[Child Thread 2]:
cpu  112 0 456 76303 137 0 5 0 0 0
cpu0 112 0 456 76303 137 0 5 0 0 0
[Child Thread 2]:
cpu  112 0 456 76313 137 0 5 0 0 0
cpu0 112 0 456 76313 137 0 5 0 0 0
[Child Thread 2]:
cpu  112 0 456 76323 137 0 5 0 0 0
cpu0 112 0 456 76323 137 0 5 0 0 0
[Child Thread 2]:
cpu  112 0 456 76333 137 0 5 0 0 0
cpu0 112 0 456 76333 137 0 5 0 0 0
[Child Thread 2]:
cpu  112 0 456 76343 137 0 5 0 0 0
cpu0 112 0 456 76343 137 0 5 0 0 0
[Child Thread 2]:
cpu  112 0 456 76353 137 0 5 0 0 0
cpu0 112 0 456 76353 137 0 5 0 0 0
[Child Thread 2]:
cpu  112 0 456 76362 137 0 5 0 0 0
cpu0 112 0 456 76362 137 0 5 0 0 0
[Child Thread 2]:
cpu  112 0 456 76372 137 0 5 0 0 0
cpu0 112 0 456 76372 137 0 5 0 0 0
[Child Thread 2]:
cpu  112 0 456 76382 137 0 5 0 0 0
cpu0 112 0 456 76382 137 0 5 0 0 0
[Child Thread 2]:
cpu  112 0 456 76392 137 0 5 0 0 0
cpu0 112 0 456 76392 137 0 5 0 0 0
[Child Thread 2]:
cpu  112 0 456 76402 137 0 5 0 0 0
cpu0 112 0 456 76402 137 0 5 0 0 0
[Child Thread 2]:
cpu  112 0 456 76412 137 0 5 0 0 0
cpu0 112 0 456 76412 137 0 5 0 0 0
[Child Thread 2]:
cpu  112 0 456 76421 137 0 5 0 0 0
cpu0 112 0 456 76421 137 0 5 0 0 0
[Child Thread 2]:
cpu  112 0 456 76431 137 0 5 0 0 0
cpu0 112 0 456 76431 137 0 5 0 0 0
[Child Thread 2]:
cpu  112 0 456 76441 137 0 5 0 0 0
cpu0 112 0 456 76441 137 0 5 0 0 0
[Child Thread 2]:
cpu  112 0 456 76451 137 0 5 0 0 0
cpu0 112 0 456 76451 137 0 5 0 0 0
[Child Thread 2]:
cpu  112 0 456 76461 137 0 5 0 0 0
cpu0 112 0 456 76461 137 0 5 0 0 0
[Child Thread 2]:
cpu  112 0 456 76471 137 0 5 0 0 0
cpu0 112 0 456 76471 137 0 5 0 0 0
[Child Thread 2]:
cpu  112 0 456 76481 137 0 5 0 0 0
cpu0 112 0 456 76481 137 0 5 0 0 0
[Child Thread 2]:
cpu  112 0 456 76490 137 0 5 0 0 0
cpu0 112 0 456 76490 137 0 5 0 0 0
[Child Thread 2]:
cpu  112 0 456 76500 137 0 5 0 0 0
cpu0 112 0 456 76500 137 0 5 0 0 0
[Child Thread 2]:
cpu  112 0 456 76510 137 0 5 0 0 0
cpu0 112 0 456 76510 137 0 5 0 0 0
[Child Thread 2]:
cpu  112 0 456 76520 137 0 5 0 0 0
cpu0 112 0 456 76520 137 0 5 0 0 0
[Child Thread 2]:
cpu  112 0 456 76530 137 0 5 0 0 0
cpu0 112 0 456 76530 137 0 5 0 0 0
[Child Thread 2]:
cpu  112 0 456 76540 137 0 5 0 0 0
cpu0 112 0 456 76540 137 0 5 0 0 0
[Child Thread 2]:
cpu  112 0 456 76550 137 0 5 0 0 0
cpu0 112 0 456 76550 137 0 5 0 0 0
[Child Thread 2]:
cpu  112 0 456 76559 137 0 5 0 0 0
cpu0 112 0 456 76559 137 0 5 0 0 0
[Child Thread 2]:
cpu  112 0 456 76569 137 0 5 0 0 0
cpu0 112 0 456 76569 137 0 5 0 0 0
[Child Thread 2]:
cpu  112 0 456 76579 137 0 5 0 0 0
cpu0 112 0 456 76579 137 0 5 0 0 0
[Child Thread 2]:
cpu  112 0 456 76589 137 0 5 0 0 0
cpu0 112 0 456 76589 137 0 5 0 0 0
[Child Thread 2]:
cpu  112 0 456 76599 137 0 5 0 0 0
cpu0 112 0 456 76599 137 0 5 0 0 0
[Child Thread 2]:
cpu  112 0 456 76609 137 0 5 0 0 0
cpu0 112 0 456 76609 137 0 5 0 0 0
[Child Thread 2]:
cpu  112 0 456 76619 137 0 5 0 0 0
cpu0 112 0 456 76619 137 0 5 0 0 0
[Child Thread 2]:
cpu  112 0 456 76628 137 0 5 0 0 0
cpu0 112 0 456 76628 137 0 5 0 0 0
[Child Thread 2]:
cpu  112 0 456 76638 137 0 5 0 0 0
cpu0 112 0 456 76638 137 0 5 0 0 0
[Child Thread 2]:
cpu  112 0 456 76648 137 0 5 0 0 0
cpu0 112 0 456 76648 137 0 5 0 0 0
[Child Thread 2]:
cpu  112 0 456 76658 137 0 5 0 0 0
cpu0 112 0 456 76658 137 0 5 0 0 0
[Child Thread 2]:
cpu  112 0 456 76668 137 0 5 0 0 0
cpu0 112 0 456 76668 137 0 5 0 0 0
[Child Thread 2]:
cpu  112 0 456 76678 137 0 5 0 0 0
cpu0 112 0 456 76678 137 0 5 0 0 0
[Child Thread 2]:
cpu  112 0 456 76688 137 0 5 0 0 0
cpu0 112 0 456 76688 137 0 5 0 0 0
[Child Thread 2]:
cpu  112 0 456 76697 137 0 5 0 0 0
cpu0 112 0 456 76697 137 0 5 0 0 0
[Child Thread 2]:
cpu  112 0 456 76707 137 0 5 0 0 0
cpu0 112 0 456 76707 137 0 5 0 0 0
[Child Thread 2]:
cpu  112 0 456 76717 137 0 5 0 0 0
cpu0 112 0 456 76717 137 0 5 0 0 0
[Child Thread 2]:
cpu  112 0 456 76727 137 0 5 0 0 0
cpu0 112 0 456 76727 137 0 5 0 0 0
[Child Thread 2]:
cpu  112 0 456 76737 137 0 5 0 0 0
cpu0 112 0 456 76737 137 0 5 0 0 0
[Child Thread 2]:
cpu  112 0 456 76747 137 0 5 0 0 0
cpu0 112 0 456 76747 137 0 5 0 0 0
[Child Thread 2]:
cpu  112 0 456 76756 137 0 5 0 0 0
cpu0 112 0 456 76756 137 0 5 0 0 0
[Child Thread 2]:
cpu  112 0 456 76766 137 0 5 0 0 0
cpu0 112 0 456 76766 137 0 5 0 0 0
[Child Thread 2]:
cpu  112 0 456 76776 137 0 5 0 0 0
cpu0 112 0 456 76776 137 0 5 0 0 0
[Child Thread 2]:
cpu  112 0 456 76786 137 0 5 0 0 0
cpu0 112 0 456 76786 137 0 5 0 0 0
[Child Thread 2]:
cpu  112 0 456 76796 137 0 5 0 0 0
cpu0 112 0 456 76796 137 0 5 0 0 0
[Child Thread 2]:
cpu  112 0 456 76805 137 0 5 0 0 0
cpu0 112 0 456 76805 137 0 5 0 0 0
[Child Thread 2]:
cpu  112 0 456 76815 137 0 5 0 0 0
cpu0 112 0 456 76815 137 0 5 0 0 0
[Child Thread 2]:
cpu  112 0 456 76824 137 0 5 0 0 0
cpu0 112 0 456 76824 137 0 5 0 0 0
[Child Thread 2]:
cpu  112 0 456 76834 137 0 5 0 0 0
cpu0 112 0 456 76834 137 0 5 0 0 0
[Child Thread 2]:
cpu  112 0 456 76844 137 0 5 0 0 0
cpu0 112 0 456 76844 137 0 5 0 0 0
[Child Thread 2]:
cpu  112 0 456 76854 137 0 5 0 0 0
cpu0 112 0 456 76854 137 0 5 0 0 0
[Child Thread 2]:
cpu  112 0 456 76864 137 0 5 0 0 0
cpu0 112 0 456 76864 137 0 5 0 0 0
[Child Thread 2]:
cpu  112 0 456 76873 137 0 5 0 0 0
cpu0 112 0 456 76873 137 0 5 0 0 0
[Child Thread 2]:
cpu  112 0 456 76883 137 0 5 0 0 0
cpu0 112 0 456 76883 137 0 5 0 0 0
[Child Thread 2]:
cpu  112 0 456 76893 137 0 5 0 0 0
cpu0 112 0 456 76893 137 0 5 0 0 0
[Child Thread 2]:
cpu  112 0 456 76903 137 0 5 0 0 0
cpu0 112 0 456 76903 137 0 5 0 0 0
[Child Thread 2]:
cpu  112 0 456 76912 137 0 5 0 0 0
cpu0 112 0 456 76912 137 0 5 0 0 0
[Child Thread 2]:
cpu  112 0 456 76922 137 0 5 0 0 0
cpu0 112 0 456 76922 137 0 5 0 0 0
[Child Thread 2]:
cpu  112 0 456 76932 137 0 5 0 0 0
cpu0 112 0 456 76932 137 0 5 0 0 0
[Child Thread 2]:
cpu  112 0 456 76942 137 0 5 0 0 0
cpu0 112 0 456 76942 137 0 5 0 0 0
[Child Thread 2]:
cpu  112 0 460 76947 137 0 5 0 0 0
cpu0 112 0 460 76947 137 0 5 0 0 0
[Child Thread 2]:
cpu  112 0 460 76957 137 0 5 0 0 0
cpu0 112 0 460 76957 137 0 5 0 0 0
[Child Thread 2]:
cpu  112 0 460 76966 137 0 5 0 0 0
cpu0 112 0 460 76966 137 0 5 0 0 0
[Child Thread 2]:
cpu  112 0 460 76976 137 0 5 0 0 0
cpu0 112 0 460 76976 137 0 5 0 0 0
[Child Thread 2]:
cpu  112 0 460 76986 137 0 5 0 0 0
cpu0 112 0 460 76986 137 0 5 0 0 0
[Child Thread 2]:
cpu  112 0 460 76996 137 0 5 0 0 0
cpu0 112 0 460 76996 137 0 5 0 0 0
[Child Thread 2]:
cpu  112 0 460 77006 137 0 5 0 0 0
cpu0 112 0 460 77006 137 0 5 0 0 0
[Child Thread 2]:
cpu  112 0 460 77016 137 0 5 0 0 0
cpu0 112 0 460 77016 137 0 5 0 0 0
[Child Thread 2]:
cpu  112 0 460 77026 137 0 5 0 0 0
cpu0 112 0 460 77026 137 0 5 0 0 0
[Child Thread 2]:
cpu  112 0 460 77035 137 0 5 0 0 0
cpu0 112 0 460 77035 137 0 5 0 0 0
[Child Thread 2]:
cpu  112 0 460 77045 137 0 5 0 0 0
cpu0 112 0 460 77045 137 0 5 0 0 0
[Child Thread 2]:
cpu  112 0 460 77055 137 0 5 0 0 0
cpu0 112 0 460 77055 137 0 5 0 0 0
[Child Thread 2]:
cpu  112 0 460 77065 137 0 5 0 0 0
cpu0 112 0 460 77065 137 0 5 0 0 0
[Child Thread 2]:
cpu  112 0 460 77075 137 0 5 0 0 0
cpu0 112 0 460 77075 137 0 5 0 0 0
[Child Thread 2]:
cpu  112 0 460 77085 137 0 5 0 0 0
cpu0 112 0 460 77085 137 0 5 0 0 0
[Child Thread 2]:
cpu  112 0 460 77094 137 0 5 0 0 0
cpu0 112 0 460 77094 137 0 5 0 0 0
[Child Thread 2]:
cpu  112 0 460 77104 137 0 5 0 0 0
cpu0 112 0 460 77104 137 0 5 0 0 0
[Child Thread 2]:
cpu  112 0 460 77114 137 0 5 0 0 0
cpu0 112 0 460 77114 137 0 5 0 0 0
[Child Thread 2]:
cpu  112 0 460 77124 137 0 5 0 0 0
cpu0 112 0 460 77124 137 0 5 0 0 0
[Child Thread 2]:
cpu  112 0 460 77134 137 0 5 0 0 0
cpu0 112 0 460 77134 137 0 5 0 0 0
[Child Thread 2]:
cpu  112 0 460 77144 137 0 5 0 0 0
cpu0 112 0 460 77144 137 0 5 0 0 0
[Child Thread 2]:
cpu  112 0 460 77153 137 0 5 0 0 0
cpu0 112 0 460 77153 137 0 5 0 0 0
[Child Thread 2]:
cpu  112 0 460 77163 137 0 5 0 0 0
cpu0 112 0 460 77163 137 0 5 0 0 0
[Child Thread 2]:
cpu  112 0 460 77173 137 0 5 0 0 0
cpu0 112 0 460 77173 137 0 5 0 0 0
[Child Thread 2]:
cpu  112 0 460 77183 137 0 5 0 0 0
cpu0 112 0 460 77183 137 0 5 0 0 0
[Child Thread 2]:
cpu  112 0 460 77193 137 0 5 0 0 0
cpu0 112 0 460 77193 137 0 5 0 0 0
[Child Thread 2]:
cpu  112 0 460 77203 137 0 5 0 0 0
cpu0 112 0 460 77203 137 0 5 0 0 0
[Child Thread 2]:
cpu  112 0 460 77213 137 0 5 0 0 0
cpu0 112 0 460 77213 137 0 5 0 0 0
[Child Thread 2]:
cpu  112 0 460 77222 137 0 5 0 0 0
cpu0 112 0 460 77222 137 0 5 0 0 0
[Child Thread 2]:
cpu  112 0 460 77232 137 0 5 0 0 0
cpu0 112 0 460 77232 137 0 5 0 0 0
[Child Thread 2]:
cpu  112 0 460 77242 137 0 5 0 0 0
cpu0 112 0 460 77242 137 0 5 0 0 0
[Child Thread 2]:
cpu  112 0 460 77252 137 0 5 0 0 0
cpu0 112 0 460 77252 137 0 5 0 0 0
[Child Thread 2]:
cpu  112 0 460 77262 137 0 5 0 0 0
cpu0 112 0 460 77262 137 0 5 0 0 0
[Child Thread 2]:
cpu  112 0 460 77272 137 0 5 0 0 0
cpu0 112 0 460 77272 137 0 5 0 0 0
[Child Thread 2]:
cpu  112 0 460 77282 137 0 5 0 0 0
cpu0 112 0 460 77282 137 0 5 0 0 0
[Child Thread 2]:
cpu  112 0 460 77291 137 0 5 0 0 0
cpu0 112 0 460 77291 137 0 5 0 0 0
[Child Thread 2]:
cpu  112 0 460 77301 137 0 5 0 0 0
cpu0 112 0 460 77301 137 0 5 0 0 0
[Child Thread 2]:
cpu  112 0 460 77311 137 0 5 0 0 0
cpu0 112 0 460 77311 137 0 5 0 0 0
[Child Thread 2]:
cpu  112 0 460 77321 137 0 5 0 0 0
cpu0 112 0 460 77321 137 0 5 0 0 0
[Child Thread 2]:
cpu  112 0 460 77331 137 0 5 0 0 0
cpu0 112 0 460 77331 137 0 5 0 0 0
[Child Thread 2]:
cpu  112 0 460 77341 137 0 5 0 0 0
cpu0 112 0 460 77341 137 0 5 0 0 0
[Child Thread 2]:
cpu  112 0 460 77350 137 0 5 0 0 0
cpu0 112 0 460 77350 137 0 5 0 0 0
[Child Thread 2]:
cpu  112 0 460 77360 137 0 5 0 0 0
cpu0 112 0 460 77360 137 0 5 0 0 0
[Child Thread 2]:
cpu  112 0 460 77370 137 0 5 0 0 0
cpu0 112 0 460 77370 137 0 5 0 0 0
[Child Thread 2]:
cpu  112 0 460 77380 137 0 5 0 0 0
cpu0 112 0 460 77380 137 0 5 0 0 0
[Child Thread 2]:
cpu  112 0 460 77390 137 0 5 0 0 0
cpu0 112 0 460 77390 137 0 5 0 0 0
[Child Thread 2]:
cpu  112 0 460 77400 137 0 5 0 0 0
cpu0 112 0 460 77400 137 0 5 0 0 0
[Child Thread 2]:
cpu  112 0 460 77410 137 0 5 0 0 0
cpu0 112 0 460 77410 137 0 5 0 0 0
[Child Thread 2]:
cpu  112 0 460 77419 137 0 5 0 0 0
cpu0 112 0 460 77419 137 0 5 0 0 0
[Child Thread 2]:
cpu  112 0 460 77429 137 0 5 0 0 0
cpu0 112 0 460 77429 137 0 5 0 0 0
[Child Thread 2]:
cpu  112 0 460 77439 137 0 5 0 0 0
cpu0 112 0 460 77439 137 0 5 0 0 0
[Child Thread 2]:
cpu  112 0 460 77449 137 0 5 0 0 0
cpu0 112 0 460 77449 137 0 5 0 0 0
[Child Thread 2]:
cpu  112 0 460 77459 137 0 5 0 0 0
cpu0 112 0 460 77459 137 0 5 0 0 0
[Child Thread 2]:
cpu  112 0 460 77469 137 0 5 0 0 0
cpu0 112 0 460 77469 137 0 5 0 0 0
[Child Thread 2]:
cpu  112 0 460 77479 137 0 5 0 0 0
cpu0 112 0 460 77479 137 0 5 0 0 0
[Child Thread 2]:
cpu  112 0 460 77488 137 0 5 0 0 0
cpu0 112 0 460 77488 137 0 5 0 0 0
[Child Thread 2]:
cpu  112 0 460 77498 137 0 5 0 0 0
cpu0 112 0 460 77498 137 0 5 0 0 0
[Child Thread 2]:
cpu  112 0 460 77507 137 0 5 0 0 0
cpu0 112 0 460 77507 137 0 5 0 0 0
[Child Thread 2]:
cpu  112 0 460 77517 137 0 5 0 0 0
cpu0 112 0 460 77517 137 0 5 0 0 0
[Child Thread 2]:
cpu  112 0 460 77527 137 0 5 0 0 0
cpu0 112 0 460 77527 137 0 5 0 0 0
[Child Thread 2]:
cpu  112 0 460 77537 137 0 5 0 0 0
cpu0 112 0 460 77537 137 0 5 0 0 0
[Child Thread 2]:
cpu  112 0 460 77547 137 0 5 0 0 0
cpu0 112 0 460 77547 137 0 5 0 0 0
[Child Thread 2]:
cpu  112 0 460 77557 137 0 5 0 0 0
cpu0 112 0 460 77557 137 0 5 0 0 0
[Child Thread 2]:
cpu  112 0 460 77566 137 0 5 0 0 0
cpu0 112 0 460 77566 137 0 5 0 0 0
[Child Thread 2]:
cpu  112 0 460 77576 137 0 5 0 0 0
cpu0 112 0 460 77576 137 0 5 0 0 0
[Child Thread 2]:
cpu  112 0 460 77586 137 0 5 0 0 0
cpu0 112 0 460 77586 137 0 5 0 0 0
[Child Thread 2]:
cpu  112 0 460 77596 137 0 5 0 0 0
cpu0 112 0 460 77596 137 0 5 0 0 0
[Child Thread 2]:
cpu  112 0 460 77606 137 0 5 0 0 0
cpu0 112 0 460 77606 137 0 5 0 0 0
[Child Thread 2]:
cpu  112 0 460 77616 137 0 5 0 0 0
cpu0 112 0 460 77616 137 0 5 0 0 0
[Child Thread 2]:
cpu  112 0 460 77626 137 0 5 0 0 0
cpu0 112 0 460 77626 137 0 5 0 0 0
[Child Thread 2]:
cpu  112 0 460 77635 137 0 5 0 0 0
cpu0 112 0 460 77635 137 0 5 0 0 0
[Child Thread 2]:
cpu  112 0 460 77645 137 0 5 0 0 0
cpu0 112 0 460 77645 137 0 5 0 0 0
[Child Thread 2]:
cpu  112 0 460 77655 137 0 5 0 0 0
cpu0 112 0 460 77655 137 0 5 0 0 0
[Child Thread 2]:
cpu  112 0 460 77665 137 0 5 0 0 0
cpu0 112 0 460 77665 137 0 5 0 0 0
[Child Thread 2]:
cpu  112 0 460 77675 137 0 5 0 0 0
cpu0 112 0 460 77675 137 0 5 0 0 0
[Child Thread 2]:
cpu  112 0 460 77685 137 0 5 0 0 0
cpu0 112 0 460 77685 137 0 5 0 0 0
[Child Thread 2]:
cpu  112 0 460 77695 137 0 5 0 0 0
cpu0 112 0 460 77695 137 0 5 0 0 0
[Child Thread 2]:
cpu  112 0 460 77704 137 0 5 0 0 0
cpu0 112 0 460 77704 137 0 5 0 0 0
[Child Thread 2]:
cpu  112 0 460 77714 137 0 5 0 0 0
cpu0 112 0 460 77714 137 0 5 0 0 0
[Child Thread 2]:
cpu  112 0 460 77724 137 0 5 0 0 0
cpu0 112 0 460 77724 137 0 5 0 0 0
[Child Thread 2]:
cpu  112 0 460 77734 137 0 5 0 0 0
cpu0 112 0 460 77734 137 0 5 0 0 0
[Child Thread 2]:
cpu  112 0 460 77744 137 0 5 0 0 0
cpu0 112 0 460 77744 137 0 5 0 0 0
[Child Thread 2]:
cpu  112 0 460 77754 137 0 5 0 0 0
cpu0 112 0 460 77754 137 0 5 0 0 0
[Child Thread 2]:
cpu  112 0 460 77763 137 0 5 0 0 0
cpu0 112 0 460 77763 137 0 5 0 0 0
[Child Thread 2]:
cpu  112 0 460 77773 137 0 5 0 0 0
cpu0 112 0 460 77773 137 0 5 0 0 0
[Child Thread 2]:
cpu  112 0 460 77783 137 0 5 0 0 0
cpu0 112 0 460 77783 137 0 5 0 0 0
[Child Thread 2]:
cpu  112 0 460 77793 137 0 5 0 0 0
cpu0 112 0 460 77793 137 0 5 0 0 0
[Child Thread 2]:
cpu  112 0 460 77803 137 0 5 0 0 0
cpu0 112 0 460 77803 137 0 5 0 0 0
[Child Thread 2]:
cpu  112 0 460 77812 137 0 5 0 0 0
cpu0 112 0 460 77812 137 0 5 0 0 0
[Child Thread 2]:
cpu  112 0 460 77822 137 0 5 0 0 0
cpu0 112 0 460 77822 137 0 5 0 0 0
[Child Thread 2]:
cpu  112 0 460 77832 137 0 5 0 0 0
cpu0 112 0 460 77832 137 0 5 0 0 0
[Child Thread 2]:
cpu  112 0 460 77842 137 0 5 0 0 0
cpu0 112 0 460 77842 137 0 5 0 0 0
[Child Thread 2]:
cpu  112 0 460 77852 137 0 5 0 0 0
cpu0 112 0 460 77852 137 0 5 0 0 0
[Child Thread 2]:
cpu  112 0 460 77861 137 0 5 0 0 0
cpu0 112 0 460 77861 137 0 5 0 0 0
[Child Thread 2]:
cpu  112 0 460 77871 137 0 5 0 0 0
cpu0 112 0 460 77871 137 0 5 0 0 0
[Child Thread 2]:
cpu  112 0 460 77881 137 0 5 0 0 0
cpu0 112 0 460 77881 137 0 5 0 0 0
[Child Thread 2]:
cpu  112 0 460 77891 137 0 5 0 0 0
cpu0 112 0 460 77891 137 0 5 0 0 0
[Child Thread 2]:
cpu  112 0 460 77901 137 0 5 0 0 0
cpu0 112 0 460 77901 137 0 5 0 0 0
[Child Thread 2]:
cpu  112 0 460 77911 137 0 5 0 0 0
cpu0 112 0 460 77911 137 0 5 0 0 0
[Child Thread 2]:
cpu  112 0 460 77921 137 0 5 0 0 0
cpu0 112 0 460 77921 137 0 5 0 0 0
[Child Thread 2]:
cpu  112 0 460 77930 137 0 5 0 0 0
cpu0 112 0 460 77930 137 0 5 0 0 0
[Child Thread 2]:
cpu  112 0 460 77940 137 0 5 0 0 0
cpu0 112 0 460 77940 137 0 5 0 0 0
[Child Thread 2]:
cpu  112 0 460 77950 137 0 5 0 0 0
cpu0 112 0 460 77950 137 0 5 0 0 0
[Child Thread 2]:
cpu  112 0 460 77960 137 0 5 0 0 0
cpu0 112 0 460 77960 137 0 5 0 0 0
[Child Thread 2]:
cpu  112 0 460 77970 137 0 5 0 0 0
cpu0 112 0 460 77970 137 0 5 0 0 0
[Child Thread 2]:
cpu  112 0 460 77980 137 0 5 0 0 0
cpu0 112 0 460 77980 137 0 5 0 0 0
[Child Thread 2]:
cpu  112 0 460 77990 137 0 5 0 0 0
cpu0 112 0 460 77990 137 0 5 0 0 0
[Child Thread 2]:
cpu  112 0 460 77999 137 0 5 0 0 0
cpu0 112 0 460 77999 137 0 5 0 0 0
[Child Thread 2]:
cpu  112 0 460 78009 137 0 5 0 0 0
cpu0 112 0 460 78009 137 0 5 0 0 0
[Child Thread 2]:
cpu  112 0 460 78019 137 0 5 0 0 0
cpu0 112 0 460 78019 137 0 5 0 0 0
[Child Thread 2]:
cpu  112 0 460 78029 137 0 5 0 0 0
cpu0 112 0 460 78029 137 0 5 0 0 0
[Child Thread 2]:
cpu  112 0 460 78039 137 0 5 0 0 0
cpu0 112 0 460 78039 137 0 5 0 0 0
[Child Thread 2]:
cpu  112 0 460 78049 137 0 5 0 0 0
cpu0 112 0 460 78049 137 0 5 0 0 0
[Child Thread 2]:
cpu  112 0 460 78058 137 0 5 0 0 0
cpu0 112 0 460 78058 137 0 5 0 0 0
[Child Thread 2]:
cpu  112 0 460 78068 137 0 5 0 0 0
cpu0 112 0 460 78068 137 0 5 0 0 0
[Child Thread 2]:
cpu  112 0 460 78078 137 0 5 0 0 0
cpu0 112 0 460 78078 137 0 5 0 0 0
[Child Thread 2]:
cpu  112 0 460 78088 137 0 5 0 0 0
cpu0 112 0 460 78088 137 0 5 0 0 0
[Child Thread 2]:
cpu  112 0 460 78098 137 0 5 0 0 0
cpu0 112 0 460 78098 137 0 5 0 0 0
[Child Thread 2]:
cpu  112 0 460 78108 137 0 5 0 0 0
cpu0 112 0 460 78108 137 0 5 0 0 0
[Child Thread 2]:
cpu  112 0 460 78118 137 0 5 0 0 0
cpu0 112 0 460 78118 137 0 5 0 0 0
[Child Thread 2]:
cpu  112 0 460 78127 137 0 5 0 0 0
cpu0 112 0 460 78127 137 0 5 0 0 0
[Child Thread 2]:
cpu  112 0 460 78137 137 0 5 0 0 0
cpu0 112 0 460 78137 137 0 5 0 0 0
[Child Thread 2]:
cpu  112 0 460 78147 137 0 5 0 0 0
cpu0 112 0 460 78147 137 0 5 0 0 0
[Child Thread 2]:
cpu  112 0 460 78157 137 0 5 0 0 0
cpu0 112 0 460 78157 137 0 5 0 0 0
[Child Thread 2]:
cpu  112 0 460 78167 137 0 5 0 0 0
cpu0 112 0 460 78167 137 0 5 0 0 0
[Child Thread 2]:
cpu  112 0 460 78177 137 0 5 0 0 0
cpu0 112 0 460 78177 137 0 5 0 0 0
[Child Thread 2]:
cpu  112 0 460 78187 137 0 5 0 0 0
cpu0 112 0 460 78187 137 0 5 0 0 0
[Child Thread 2]:
cpu  112 0 460 78196 137 0 5 0 0 0
cpu0 112 0 460 78196 137 0 5 0 0 0
[Child Thread 2]:
cpu  112 0 460 78206 137 0 5 0 0 0
cpu0 112 0 460 78206 137 0 5 0 0 0
[Child Thread 2]:
cpu  112 0 460 78216 137 0 5 0 0 0
cpu0 112 0 460 78216 137 0 5 0 0 0
[Child Thread 2]:
cpu  112 0 460 78226 137 0 5 0 0 0
cpu0 112 0 460 78226 137 0 5 0 0 0
[Child Thread 2]:
cpu  112 0 460 78236 137 0 5 0 0 0
cpu0 112 0 460 78236 137 0 5 0 0 0
[Child Thread 2]:
cpu  112 0 460 78246 137 0 5 0 0 0
cpu0 112 0 460 78246 137 0 5 0 0 0
[Child Thread 2]:
cpu  112 0 460 78255 137 0 5 0 0 0
cpu0 112 0 460 78255 137 0 5 0 0 0
[Child Thread 2]:
cpu  112 0 460 78265 137 0 5 0 0 0
cpu0 112 0 460 78265 137 0 5 0 0 0
[Child Thread 2]:
cpu  112 0 460 78275 137 0 5 0 0 0
cpu0 112 0 460 78275 137 0 5 0 0 0
[Child Thread 2]:
cpu  112 0 460 78285 137 0 5 0 0 0
cpu0 112 0 460 78285 137 0 5 0 0 0
[Child Thread 2]:
cpu  112 0 460 78295 137 0 5 0 0 0
cpu0 112 0 460 78295 137 0 5 0 0 0
[Child Thread 2]:
cpu  112 0 460 78305 137 0 5 0 0 0
cpu0 112 0 460 78305 137 0 5 0 0 0
[Child Thread 2]:
cpu  112 0 460 78315 137 0 5 0 0 0
cpu0 112 0 460 78315 137 0 5 0 0 0
[Child Thread 2]:
cpu  112 0 460 78324 137 0 5 0 0 0
cpu0 112 0 460 78324 137 0 5 0 0 0
[Child Thread 2]:
cpu  112 0 460 78334 137 0 5 0 0 0
cpu0 112 0 460 78334 137 0 5 0 0 0
[Child Thread 2]:
cpu  112 0 460 78344 137 0 5 0 0 0
cpu0 112 0 460 78344 137 0 5 0 0 0
[Child Thread 2]:
cpu  112 0 460 78354 137 0 5 0 0 0
cpu0 112 0 460 78354 137 0 5 0 0 0
[Child Thread 2]:
cpu  112 0 460 78364 137 0 5 0 0 0
cpu0 112 0 460 78364 137 0 5 0 0 0
[Child Thread 2]:
cpu  112 0 460 78374 137 0 5 0 0 0
cpu0 112 0 460 78374 137 0 5 0 0 0
[Child Thread 2]:
cpu  112 0 460 78383 138 0 5 0 0 0
cpu0 112 0 460 78383 138 0 5 0 0 0
[Child Thread 2]:
cpu  112 0 460 78393 138 0 5 0 0 0
cpu0 112 0 460 78393 138 0 5 0 0 0
[Child Thread 2]:
cpu  112 0 460 78403 138 0 5 0 0 0
cpu0 112 0 460 78403 138 0 5 0 0 0
[Child Thread 2]:
cpu  112 0 460 78412 138 0 5 0 0 0
cpu0 112 0 460 78412 138 0 5 0 0 0
[Child Thread 2]:
cpu  112 0 460 78422 138 0 5 0 0 0
cpu0 112 0 460 78422 138 0 5 0 0 0
[Child Thread 2]:
cpu  112 0 460 78432 138 0 5 0 0 0
cpu0 112 0 460 78432 138 0 5 0 0 0
[Child Thread 2]:
cpu  112 0 460 78442 138 0 5 0 0 0
cpu0 112 0 460 78442 138 0 5 0 0 0
[Child Thread 2]:
cpu  112 0 460 78452 138 0 5 0 0 0
cpu0 112 0 460 78452 138 0 5 0 0 0
[Child Thread 2]:
cpu  112 0 460 78462 138 0 5 0 0 0
cpu0 112 0 460 78462 138 0 5 0 0 0
[Child Thread 2]:
cpu  112 0 460 78471 138 0 5 0 0 0
cpu0 112 0 460 78471 138 0 5 0 0 0
[Child Thread 2]:
cpu  112 0 460 78481 138 0 5 0 0 0
cpu0 112 0 460 78481 138 0 5 0 0 0
[Child Thread 2]:
cpu  112 0 460 78491 138 0 5 0 0 0
cpu0 112 0 460 78491 138 0 5 0 0 0
[Child Thread 2]:
cpu  112 0 460 78501 138 0 5 0 0 0
cpu0 112 0 460 78501 138 0 5 0 0 0
[Child Thread 2]:
cpu  112 0 460 78511 138 0 5 0 0 0
cpu0 112 0 460 78511 138 0 5 0 0 0
[Child Thread 2]:
cpu  112 0 460 78521 138 0 5 0 0 0
cpu0 112 0 460 78521 138 0 5 0 0 0
[Child Thread 2]:
cpu  112 0 460 78531 138 0 5 0 0 0
cpu0 112 0 460 78531 138 0 5 0 0 0
[Child Thread 2]:
cpu  112 0 460 78540 138 0 5 0 0 0
cpu0 112 0 460 78540 138 0 5 0 0 0
[Child Thread 2]:
cpu  112 0 460 78550 138 0 5 0 0 0
cpu0 112 0 460 78550 138 0 5 0 0 0
[Child Thread 2]:
cpu  112 0 460 78560 138 0 5 0 0 0
cpu0 112 0 460 78560 138 0 5 0 0 0
[Child Thread 2]:
cpu  112 0 460 78570 138 0 5 0 0 0
cpu0 112 0 460 78570 138 0 5 0 0 0
[Child Thread 2]:
cpu  112 0 460 78580 138 0 5 0 0 0
cpu0 112 0 460 78580 138 0 5 0 0 0
[Child Thread 2]:
cpu  112 0 460 78590 138 0 5 0 0 0
cpu0 112 0 460 78590 138 0 5 0 0 0
[Child Thread 2]:
cpu  112 0 460 78600 138 0 5 0 0 0
cpu0 112 0 460 78600 138 0 5 0 0 0
[Child Thread 2]:
cpu  112 0 460 78609 138 0 5 0 0 0
cpu0 112 0 460 78609 138 0 5 0 0 0
[Child Thread 2]:
cpu  112 0 460 78619 138 0 5 0 0 0
cpu0 112 0 460 78619 138 0 5 0 0 0
[Child Thread 2]:
cpu  112 0 460 78629 138 0 5 0 0 0
cpu0 112 0 460 78629 138 0 5 0 0 0
[Child Thread 2]:
cpu  112 0 460 78639 138 0 5 0 0 0
cpu0 112 0 460 78639 138 0 5 0 0 0
[Child Thread 2]:
cpu  112 0 460 78649 138 0 5 0 0 0
cpu0 112 0 460 78649 138 0 5 0 0 0
[Child Thread 2]:
cpu  112 0 460 78659 138 0 5 0 0 0
cpu0 112 0 460 78659 138 0 5 0 0 0
[Child Thread 2]:
cpu  112 0 460 78669 138 0 5 0 0 0
cpu0 112 0 460 78669 138 0 5 0 0 0
[Child Thread 2]:
cpu  112 0 460 78678 138 0 5 0 0 0
cpu0 112 0 460 78678 138 0 5 0 0 0
[Child Thread 2]:
cpu  112 0 460 78688 138 0 5 0 0 0
cpu0 112 0 460 78688 138 0 5 0 0 0
[Child Thread 2]:
cpu  112 0 460 78698 138 0 5 0 0 0
cpu0 112 0 460 78698 138 0 5 0 0 0
[Child Thread 2]:
cpu  112 0 460 78708 138 0 5 0 0 0
cpu0 112 0 460 78708 138 0 5 0 0 0
[Child Thread 2]:
cpu  112 0 460 78718 138 0 5 0 0 0
cpu0 112 0 460 78718 138 0 5 0 0 0
[Child Thread 2]:
cpu  112 0 460 78728 138 0 5 0 0 0
cpu0 112 0 460 78728 138 0 5 0 0 0
[Child Thread 2]:
cpu  112 0 460 78737 138 0 5 0 0 0
cpu0 112 0 460 78737 138 0 5 0 0 0
[Child Thread 2]:
cpu  112 0 460 78747 138 0 5 0 0 0
cpu0 112 0 460 78747 138 0 5 0 0 0
[Child Thread 2]:
cpu  112 0 460 78757 138 0 5 0 0 0
cpu0 112 0 460 78757 138 0 5 0 0 0
[Child Thread 2]:
cpu  112 0 460 78767 138 0 5 0 0 0
cpu0 112 0 460 78767 138 0 5 0 0 0
[Child Thread 2]:
cpu  112 0 460 78777 138 0 5 0 0 0
cpu0 112 0 460 78777 138 0 5 0 0 0
[Child Thread 2]:
cpu  112 0 460 78787 138 0 5 0 0 0
cpu0 112 0 460 78787 138 0 5 0 0 0
[Child Thread 2]:
cpu  112 0 460 78797 138 0 5 0 0 0
cpu0 112 0 460 78797 138 0 5 0 0 0
[Child Thread 2]:
cpu  112 0 460 78806 138 0 5 0 0 0
cpu0 112 0 460 78806 138 0 5 0 0 0
[Child Thread 2]:
cpu  112 0 460 78816 138 0 5 0 0 0
cpu0 112 0 460 78816 138 0 5 0 0 0
[Child Thread 2]:
cpu  112 0 460 78826 138 0 5 0 0 0
cpu0 112 0 460 78826 138 0 5 0 0 0
[Child Thread 2]:
cpu  112 0 460 78836 138 0 5 0 0 0
cpu0 112 0 460 78836 138 0 5 0 0 0
[Child Thread 2]:
cpu  112 0 460 78846 138 0 5 0 0 0
cpu0 112 0 460 78846 138 0 5 0 0 0
[Child Thread 2]:
cpu  112 0 460 78856 138 0 5 0 0 0
cpu0 112 0 460 78856 138 0 5 0 0 0
[Child Thread 2]:
cpu  112 0 460 78865 138 0 5 0 0 0
cpu0 112 0 460 78865 138 0 5 0 0 0
[Child Thread 2]:
cpu  112 0 460 78875 138 0 5 0 0 0
cpu0 112 0 460 78875 138 0 5 0 0 0
[Child Thread 2]:
cpu  112 0 460 78885 138 0 5 0 0 0
cpu0 112 0 460 78885 138 0 5 0 0 0
[Child Thread 2]:
cpu  112 0 460 78895 138 0 5 0 0 0
cpu0 112 0 460 78895 138 0 5 0 0 0
[Child Thread 2]:
cpu  112 0 460 78905 138 0 5 0 0 0
cpu0 112 0 460 78905 138 0 5 0 0 0
[Child Thread 2]:
cpu  112 0 460 78915 138 0 5 0 0 0
cpu0 112 0 460 78915 138 0 5 0 0 0
[Child Thread 2]:
cpu  112 0 460 78925 138 0 5 0 0 0
cpu0 112 0 460 78925 138 0 5 0 0 0
[Child Thread 2]:
cpu  112 0 460 78935 138 0 5 0 0 0
cpu0 112 0 460 78935 138 0 5 0 0 0
[Child Thread 2]:
cpu  112 0 460 78944 138 0 5 0 0 0
cpu0 112 0 460 78944 138 0 5 0 0 0
[Child Thread 2]:
cpu  112 0 460 78954 138 0 5 0 0 0
cpu0 112 0 460 78954 138 0 5 0 0 0
[Child Thread 2]:
cpu  112 0 460 78964 138 0 5 0 0 0
cpu0 112 0 460 78964 138 0 5 0 0 0
[Child Thread 2]:
cpu  112 0 460 78974 138 0 5 0 0 0
cpu0 112 0 460 78974 138 0 5 0 0 0
[Child Thread 2]:
cpu  112 0 460 78984 138 0 5 0 0 0
cpu0 112 0 460 78984 138 0 5 0 0 0
[Child Thread 2]:
cpu  112 0 460 78994 138 0 5 0 0 0
cpu0 112 0 460 78994 138 0 5 0 0 0
[Child Thread 2]:
cpu  112 0 460 79004 138 0 5 0 0 0
cpu0 112 0 460 79004 138 0 5 0 0 0
[Child Thread 2]:
cpu  112 0 460 79013 138 0 5 0 0 0
cpu0 112 0 460 79013 138 0 5 0 0 0
[Child Thread 2]:
cpu  112 0 460 79023 138 0 5 0 0 0
cpu0 112 0 460 79023 138 0 5 0 0 0
[Child Thread 2]:
cpu  112 0 460 79033 138 0 5 0 0 0
cpu0 112 0 460 79033 138 0 5 0 0 0
[Child Thread 2]:
cpu  112 0 460 79043 138 0 5 0 0 0
cpu0 112 0 460 79043 138 0 5 0 0 0
[Child Thread 2]:
cpu  112 0 460 79053 138 0 5 0 0 0
cpu0 112 0 460 79053 138 0 5 0 0 0
[Child Thread 2]:
cpu  112 0 460 79063 138 0 5 0 0 0
cpu0 112 0 460 79063 138 0 5 0 0 0
[Child Thread 2]:
cpu  112 0 460 79072 138 0 5 0 0 0
cpu0 112 0 460 79072 138 0 5 0 0 0
[Child Thread 2]:
cpu  112 0 460 79082 138 0 5 0 0 0
cpu0 112 0 460 79082 138 0 5 0 0 0
[Child Thread 2]:
cpu  112 0 460 79092 138 0 5 0 0 0
cpu0 112 0 460 79092 138 0 5 0 0 0
[Child Thread 2]:
cpu  112 0 460 79102 138 0 5 0 0 0
cpu0 112 0 460 79102 138 0 5 0 0 0
[Child Thread 2]:
cpu  112 0 460 79112 138 0 5 0 0 0
cpu0 112 0 460 79112 138 0 5 0 0 0
[Child Thread 2]:
cpu  112 0 460 79122 138 0 5 0 0 0
cpu0 112 0 460 79122 138 0 5 0 0 0
[Child Thread 2]:
cpu  112 0 460 79132 138 0 5 0 0 0
cpu0 112 0 460 79132 138 0 5 0 0 0
[Child Thread 2]:
cpu  112 0 460 79141 138 0 5 0 0 0
cpu0 112 0 460 79141 138 0 5 0 0 0
[Child Thread 2]:
cpu  112 0 460 79151 138 0 5 0 0 0
cpu0 112 0 460 79151 138 0 5 0 0 0
[Child Thread 2]:
cpu  112 0 460 79161 138 0 5 0 0 0
cpu0 112 0 460 79161 138 0 5 0 0 0
[Child Thread 2]:
cpu  112 0 460 79171 138 0 5 0 0 0
cpu0 112 0 460 79171 138 0 5 0 0 0
[Child Thread 2]:
cpu  112 0 460 79181 138 0 5 0 0 0
cpu0 112 0 460 79181 138 0 5 0 0 0
[Child Thread 2]:
cpu  112 0 460 79191 138 0 5 0 0 0
cpu0 112 0 460 79191 138 0 5 0 0 0
[Child Thread 2]:
cpu  112 0 460 79201 138 0 5 0 0 0
cpu0 112 0 460 79201 138 0 5 0 0 0
[Child Thread 2]:
cpu  112 0 460 79210 138 0 5 0 0 0
cpu0 112 0 460 79210 138 0 5 0 0 0
[Child Thread 2]:
cpu  112 0 460 79220 138 0 5 0 0 0
cpu0 112 0 460 79220 138 0 5 0 0 0
[Child Thread 2]:
cpu  112 0 460 79230 138 0 5 0 0 0
cpu0 112 0 460 79230 138 0 5 0 0 0
[Child Thread 2]:
cpu  112 0 460 79240 138 0 5 0 0 0
cpu0 112 0 460 79240 138 0 5 0 0 0
[Child Thread 2]:
cpu  112 0 460 79250 138 0 5 0 0 0
cpu0 112 0 460 79250 138 0 5 0 0 0
[Child Thread 2]:
cpu  112 0 460 79260 138 0 5 0 0 0
cpu0 112 0 460 79260 138 0 5 0 0 0
[Child Thread 2]:
cpu  112 0 460 79269 138 0 5 0 0 0
cpu0 112 0 460 79269 138 0 5 0 0 0
[Child Thread 2]:
cpu  112 0 460 79279 138 0 5 0 0 0
cpu0 112 0 460 79279 138 0 5 0 0 0
[Child Thread 2]:
cpu  112 0 460 79289 138 0 5 0 0 0
cpu0 112 0 460 79289 138 0 5 0 0 0
[Child Thread 2]:
cpu  112 0 460 79298 138 0 5 0 0 0
cpu0 112 0 460 79298 138 0 5 0 0 0
[Child Thread 2]:
cpu  112 0 460 79308 138 0 5 0 0 0
cpu0 112 0 460 79308 138 0 5 0 0 0
[Child Thread 2]:
cpu  112 0 460 79318 138 0 5 0 0 0
cpu0 112 0 460 79318 138 0 5 0 0 0
[Child Thread 2]:
cpu  112 0 460 79328 138 0 5 0 0 0
cpu0 112 0 460 79328 138 0 5 0 0 0
[Child Thread 2]:
cpu  112 0 460 79338 138 0 5 0 0 0
cpu0 112 0 460 79338 138 0 5 0 0 0
[Child Thread 2]:
cpu  112 0 460 79348 138 0 5 0 0 0
cpu0 112 0 460 79348 138 0 5 0 0 0
[Child Thread 2]:
cpu  112 0 460 79358 138 0 5 0 0 0
cpu0 112 0 460 79358 138 0 5 0 0 0
[Child Thread 2]:
cpu  112 0 460 79367 138 0 5 0 0 0
cpu0 112 0 460 79367 138 0 5 0 0 0
[Child Thread 2]:
cpu  112 0 460 79377 138 0 5 0 0 0
cpu0 112 0 460 79377 138 0 5 0 0 0
[Child Thread 2]:
cpu  112 0 460 79387 138 0 5 0 0 0
cpu0 112 0 460 79387 138 0 5 0 0 0
[Child Thread 2]:
cpu  112 0 460 79397 138 0 5 0 0 0
cpu0 112 0 460 79397 138 0 5 0 0 0
[Child Thread 2]:
cpu  112 0 460 79407 138 0 5 0 0 0
cpu0 112 0 460 79407 138 0 5 0 0 0
[Child Thread 2]:
cpu  112 0 460 79417 138 0 5 0 0 0
cpu0 112 0 460 79417 138 0 5 0 0 0
[Child Thread 2]:
cpu  112 0 460 79427 138 0 5 0 0 0
cpu0 112 0 460 79427 138 0 5 0 0 0
[Child Thread 2]:
cpu  112 0 460 79436 138 0 5 0 0 0
cpu0 112 0 460 79436 138 0 5 0 0 0
[Child Thread 2]:
cpu  112 0 460 79446 138 0 5 0 0 0
cpu0 112 0 460 79446 138 0 5 0 0 0
[Child Thread 2]:
cpu  112 0 460 79456 138 0 5 0 0 0
cpu0 112 0 460 79456 138 0 5 0 0 0
[Child Thread 2]:
cpu  112 0 460 79466 138 0 5 0 0 0
cpu0 112 0 460 79466 138 0 5 0 0 0
[Child Thread 2]:
cpu  112 0 460 79476 138 0 5 0 0 0
cpu0 112 0 460 79476 138 0 5 0 0 0
[Child Thread 2]:
cpu  112 0 460 79486 138 0 5 0 0 0
cpu0 112 0 460 79486 138 0 5 0 0 0
[Child Thread 2]:
cpu  112 0 460 79495 138 0 5 0 0 0
cpu0 112 0 460 79495 138 0 5 0 0 0
[Child Thread 2]:
cpu  112 0 460 79505 138 0 5 0 0 0
cpu0 112 0 460 79505 138 0 5 0 0 0
[Child Thread 2]:
cpu  112 0 460 79515 138 0 5 0 0 0
cpu0 112 0 460 79515 138 0 5 0 0 0
[Child Thread 2]:
cpu  112 0 460 79525 138 0 5 0 0 0
cpu0 112 0 460 79525 138 0 5 0 0 0
[Child Thread 2]:
cpu  112 0 460 79535 138 0 5 0 0 0
cpu0 112 0 460 79535 138 0 5 0 0 0
[Child Thread 2]:
cpu  112 0 460 79545 138 0 5 0 0 0
cpu0 112 0 460 79545 138 0 5 0 0 0
[Child Thread 2]:
cpu  112 0 460 79555 138 0 5 0 0 0
cpu0 112 0 460 79555 138 0 5 0 0 0
[Child Thread 2]:
cpu  112 0 460 79564 138 0 5 0 0 0
cpu0 112 0 460 79564 138 0 5 0 0 0
[Child Thread 2]:
cpu  112 0 460 79574 138 0 5 0 0 0
cpu0 112 0 460 79574 138 0 5 0 0 0
[Child Thread 2]:
cpu  112 0 460 79584 138 0 5 0 0 0
cpu0 112 0 460 79584 138 0 5 0 0 0
[Child Thread 2]:
cpu  112 0 460 79594 138 0 5 0 0 0
cpu0 112 0 460 79594 138 0 5 0 0 0
[Child Thread 2]:
cpu  112 0 460 79604 138 0 5 0 0 0
cpu0 112 0 460 79604 138 0 5 0 0 0
[Child Thread 2]:
cpu  112 0 460 79614 138 0 5 0 0 0
cpu0 112 0 460 79614 138 0 5 0 0 0
[Child Thread 2]:
cpu  112 0 460 79624 138 0 5 0 0 0
cpu0 112 0 460 79624 138 0 5 0 0 0
[Child Thread 2]:
cpu  112 0 460 79633 138 0 5 0 0 0
cpu0 112 0 460 79633 138 0 5 0 0 0
[Child Thread 2]:
cpu  112 0 460 79643 138 0 5 0 0 0
cpu0 112 0 460 79643 138 0 5 0 0 0
[Child Thread 2]:
cpu  112 0 460 79653 138 0 5 0 0 0
cpu0 112 0 460 79653 138 0 5 0 0 0
[Child Thread 2]:
cpu  112 0 460 79663 138 0 5 0 0 0
cpu0 112 0 460 79663 138 0 5 0 0 0
[Child Thread 2]:
cpu  112 0 460 79673 138 0 5 0 0 0
cpu0 112 0 460 79673 138 0 5 0 0 0
[Child Thread 2]:
cpu  112 0 460 79683 138 0 5 0 0 0
cpu0 112 0 460 79683 138 0 5 0 0 0
[Child Thread 2]:
cpu  112 0 460 79692 138 0 5 0 0 0
cpu0 112 0 460 79692 138 0 5 0 0 0
[Child Thread 2]:
cpu  112 0 460 79702 138 0 5 0 0 0
cpu0 112 0 460 79702 138 0 5 0 0 0
[Child Thread 2]:
cpu  112 0 460 79712 138 0 5 0 0 0
cpu0 112 0 460 79712 138 0 5 0 0 0
[Child Thread 2]:
cpu  112 0 460 79722 138 0 5 0 0 0
cpu0 112 0 460 79722 138 0 5 0 0 0
[Child Thread 2]:
cpu  112 0 460 79732 138 0 5 0 0 0
cpu0 112 0 460 79732 138 0 5 0 0 0
[Child Thread 2]:
cpu  112 0 460 79742 138 0 5 0 0 0
cpu0 112 0 460 79742 138 0 5 0 0 0
[Child Thread 2]:
cpu  112 0 460 79752 138 0 5 0 0 0
cpu0 112 0 460 79752 138 0 5 0 0 0
[Child Thread 2]:
cpu  112 0 460 79761 138 0 5 0 0 0
cpu0 112 0 460 79761 138 0 5 0 0 0
[Child Thread 2]:
cpu  112 0 460 79771 138 0 5 0 0 0
cpu0 112 0 460 79771 138 0 5 0 0 0
[Child Thread 2]:
cpu  112 0 460 79781 138 0 5 0 0 0
cpu0 112 0 460 79781 138 0 5 0 0 0
[Child Thread 2]:
cpu  112 0 460 79791 138 0 5 0 0 0
cpu0 112 0 460 79791 138 0 5 0 0 0
[Child Thread 2]:
cpu  112 0 460 79801 138 0 5 0 0 0
cpu0 112 0 460 79801 138 0 5 0 0 0
[Child Thread 2]:
cpu  112 0 460 79811 138 0 5 0 0 0
cpu0 112 0 460 79811 138 0 5 0 0 0
[Child Thread 2]:
cpu  112 0 460 79821 138 0 5 0 0 0
cpu0 112 0 460 79821 138 0 5 0 0 0
[Child Thread 2]:
cpu  112 0 460 79830 138 0 5 0 0 0
cpu0 112 0 460 79830 138 0 5 0 0 0
[Child Thread 2]:
cpu  112 0 460 79840 138 0 5 0 0 0
cpu0 112 0 460 79840 138 0 5 0 0 0
[Child Thread 2]:
cpu  112 0 460 79850 138 0 5 0 0 0
cpu0 112 0 460 79850 138 0 5 0 0 0
[Child Thread 2]:
cpu  112 0 460 79860 138 0 5 0 0 0
cpu0 112 0 460 79860 138 0 5 0 0 0
[Child Thread 2]:
cpu  112 0 460 79870 138 0 5 0 0 0
cpu0 112 0 460 79870 138 0 5 0 0 0
[Child Thread 2]:
cpu  112 0 460 79880 138 0 5 0 0 0
cpu0 112 0 460 79880 138 0 5 0 0 0
[Child Thread 2]:
cpu  112 0 460 79889 138 0 5 0 0 0
cpu0 112 0 460 79889 138 0 5 0 0 0
[Child Thread 2]:
cpu  112 0 460 79899 138 0 5 0 0 0
cpu0 112 0 460 79899 138 0 5 0 0 0
[Child Thread 2]:
cpu  112 0 460 79909 138 0 5 0 0 0
cpu0 112 0 460 79909 138 0 5 0 0 0
[Child Thread 1]: Started at Thu Jan  1 00:12:45 1970
[Child Thread 1]: Started with PID {2131} and TID {2133}.
[Child Thread 1]: Total char count from {input_file.txt} with less than 100 entries:
[Child Thread 1]: [b]: 20
[Child Thread 1]: [j]: 4
[Child Thread 1]: [k]: 25
[Child Thread 1]: [q]: 0
[Child Thread 1]: [v]: 95
[Child Thread 1]: [w]: 31
[Child Thread 1]: [x]: 61
[Child Thread 1]: [y]: 41
[Child Thread 1]: [z]: 14
[Parent Thread]: Started at Thu Jan  1 00:12:45 1970
[Parent Thread]: Started with PID {2131} and TID {2132}.
[Parent Thread]: Completed at {Thu Jan  1 00:13:30 1970
}
